Started GET "/" for 127.0.0.1 at 2018-05-28 16:56:23 -0300
Processing by ApplicationController#hello as HTML
Completed 500 Internal Server Error in 291ms


  
Gem::LoadError (Specified 'postgresql' for database adapter, but the gem is not loaded. Add `gem 'pg'` to your Gemfile (and ensure its version is at the minimum required by ActiveRecord).):
  
app/controllers/application_controller.rb:5:in `hello'
Started GET "/" for 127.0.0.1 at 2018-05-28 17:00:10 -0300
Processing by ApplicationController#hello as HTML
  Rendering html template
  Rendered html template (0.4ms)
Completed 200 OK in 301ms (Views: 8.0ms)


Started GET "/" for 127.0.0.1 at 2018-05-28 17:00:32 -0300
Processing by ApplicationController#hello as HTML
  Rendering html template
  Rendered html template (0.1ms)
Completed 200 OK in 2ms (Views: 0.9ms)


Started GET "/home" for 127.0.0.1 at 2018-05-28 17:00:45 -0300
  
ActionController::RoutingError (No route matches [GET] "/home"):
  
actionpack (5.1.6) lib/action_dispatch/middleware/debug_exceptions.rb:63:in `call'
web-console (3.6.2) lib/web_console/middleware.rb:135:in `call_app'
web-console (3.6.2) lib/web_console/middleware.rb:30:in `block in call'
web-console (3.6.2) lib/web_console/middleware.rb:20:in `catch'
web-console (3.6.2) lib/web_console/middleware.rb:20:in `call'
actionpack (5.1.6) lib/action_dispatch/middleware/show_exceptions.rb:31:in `call'
railties (5.1.6) lib/rails/rack/logger.rb:36:in `call_app'
railties (5.1.6) lib/rails/rack/logger.rb:24:in `block in call'
activesupport (5.1.6) lib/active_support/tagged_logging.rb:69:in `block in tagged'
activesupport (5.1.6) lib/active_support/tagged_logging.rb:26:in `tagged'
activesupport (5.1.6) lib/active_support/tagged_logging.rb:69:in `tagged'
railties (5.1.6) lib/rails/rack/logger.rb:24:in `call'
sprockets-rails (3.2.1) lib/sprockets/rails/quiet_assets.rb:13:in `call'
actionpack (5.1.6) lib/action_dispatch/middleware/remote_ip.rb:79:in `call'
actionpack (5.1.6) lib/action_dispatch/middleware/request_id.rb:25:in `call'
rack (2.0.5) lib/rack/method_override.rb:22:in `call'
rack (2.0.5) lib/rack/runtime.rb:22:in `call'
activesupport (5.1.6) lib/active_support/cache/strategy/local_cache_middleware.rb:27:in `call'
actionpack (5.1.6) lib/action_dispatch/middleware/executor.rb:12:in `call'
actionpack (5.1.6) lib/action_dispatch/middleware/static.rb:125:in `call'
rack (2.0.5) lib/rack/sendfile.rb:111:in `call'
railties (5.1.6) lib/rails/engine.rb:522:in `call'
puma (3.11.4) lib/puma/configuration.rb:225:in `call'
puma (3.11.4) lib/puma/server.rb:632:in `handle_request'
puma (3.11.4) lib/puma/server.rb:446:in `process_client'
puma (3.11.4) lib/puma/server.rb:306:in `block in run'
puma (3.11.4) lib/puma/thread_pool.rb:120:in `block in spawn_thread'
Started GET "/index" for 127.0.0.1 at 2018-05-28 17:00:53 -0300
  
ActionController::RoutingError (No route matches [GET] "/index"):
  
actionpack (5.1.6) lib/action_dispatch/middleware/debug_exceptions.rb:63:in `call'
web-console (3.6.2) lib/web_console/middleware.rb:135:in `call_app'
web-console (3.6.2) lib/web_console/middleware.rb:30:in `block in call'
web-console (3.6.2) lib/web_console/middleware.rb:20:in `catch'
web-console (3.6.2) lib/web_console/middleware.rb:20:in `call'
actionpack (5.1.6) lib/action_dispatch/middleware/show_exceptions.rb:31:in `call'
railties (5.1.6) lib/rails/rack/logger.rb:36:in `call_app'
railties (5.1.6) lib/rails/rack/logger.rb:24:in `block in call'
activesupport (5.1.6) lib/active_support/tagged_logging.rb:69:in `block in tagged'
activesupport (5.1.6) lib/active_support/tagged_logging.rb:26:in `tagged'
activesupport (5.1.6) lib/active_support/tagged_logging.rb:69:in `tagged'
railties (5.1.6) lib/rails/rack/logger.rb:24:in `call'
sprockets-rails (3.2.1) lib/sprockets/rails/quiet_assets.rb:13:in `call'
actionpack (5.1.6) lib/action_dispatch/middleware/remote_ip.rb:79:in `call'
actionpack (5.1.6) lib/action_dispatch/middleware/request_id.rb:25:in `call'
rack (2.0.5) lib/rack/method_override.rb:22:in `call'
rack (2.0.5) lib/rack/runtime.rb:22:in `call'
activesupport (5.1.6) lib/active_support/cache/strategy/local_cache_middleware.rb:27:in `call'
actionpack (5.1.6) lib/action_dispatch/middleware/executor.rb:12:in `call'
actionpack (5.1.6) lib/action_dispatch/middleware/static.rb:125:in `call'
rack (2.0.5) lib/rack/sendfile.rb:111:in `call'
railties (5.1.6) lib/rails/engine.rb:522:in `call'
puma (3.11.4) lib/puma/configuration.rb:225:in `call'
puma (3.11.4) lib/puma/server.rb:632:in `handle_request'
puma (3.11.4) lib/puma/server.rb:446:in `process_client'
puma (3.11.4) lib/puma/server.rb:306:in `block in run'
puma (3.11.4) lib/puma/thread_pool.rb:120:in `block in spawn_thread'
Started GET "/" for 127.0.0.1 at 2018-05-28 17:04:31 -0300
Processing by HomeController#index as HTML
  Rendering home/index.html.erb within layouts/application
  Rendered home/index.html.erb within layouts/application (1.9ms)
Completed 200 OK in 1507ms (Views: 1497.8ms)


Started GET "/" for 127.0.0.1 at 2018-05-28 17:06:33 -0300
Processing by HomeController#index as HTML
  Rendering home/index.html.erb within layouts/application
  Rendered home/index.html.erb within layouts/application (3.6ms)
Completed 200 OK in 298ms (Views: 284.5ms)


  
ActionController::UnknownFormat (HomeController#index is missing a template for this request format and variant.

request.formats: ["image/svg+xml"]
request.variant: []):
  
actionpack (5.1.6) lib/action_controller/metal/implicit_render.rb:40:in `default_render'
actionpack (5.1.6) lib/action_controller/metal/basic_implicit_render.rb:4:in `block in send_action'
actionpack (5.1.6) lib/action_controller/metal/basic_implicit_render.rb:4:in `tap'
actionpack (5.1.6) lib/action_controller/metal/basic_implicit_render.rb:4:in `send_action'
actionpack (5.1.6) lib/abstract_controller/base.rb:186:in `process_action'
actionpack (5.1.6) lib/action_controller/metal/rendering.rb:30:in `process_action'
actionpack (5.1.6) lib/abstract_controller/callbacks.rb:20:in `block in process_action'
activesupport (5.1.6) lib/active_support/callbacks.rb:131:in `run_callbacks'
actionpack (5.1.6) lib/abstract_controller/callbacks.rb:19:in `process_action'
actionpack (5.1.6) lib/action_controller/metal/rescue.rb:20:in `process_action'
actionpack (5.1.6) lib/action_controller/metal/instrumentation.rb:32:in `block in process_action'
activesupport (5.1.6) lib/active_support/notifications.rb:166:in `block in instrument'
activesupport (5.1.6) lib/active_support/notifications/instrumenter.rb:21:in `instrument'
activesupport (5.1.6) lib/active_support/notifications.rb:166:in `instrument'
actionpack (5.1.6) lib/action_controller/metal/instrumentation.rb:30:in `process_action'
actionpack (5.1.6) lib/action_controller/metal/params_wrapper.rb:252:in `process_action'
activerecord (5.1.6) lib/active_record/railties/controller_runtime.rb:22:in `process_action'
actionpack (5.1.6) lib/abstract_controller/base.rb:124:in `process'
actionview (5.1.6) lib/action_view/rendering.rb:30:in `process'
actionpack (5.1.6) lib/action_controller/metal.rb:189:in `dispatch'
actionpack (5.1.6) lib/action_controller/metal.rb:253:in `dispatch'
actionpack (5.1.6) lib/action_dispatch/routing/route_set.rb:49:in `dispatch'
actionpack (5.1.6) lib/action_dispatch/routing/route_set.rb:31:in `serve'
actionpack (5.1.6) lib/action_dispatch/journey/router.rb:50:in `block in serve'
actionpack (5.1.6) lib/action_dispatch/journey/router.rb:33:in `each'
actionpack (5.1.6) lib/action_dispatch/journey/router.rb:33:in `serve'
actionpack (5.1.6) lib/action_dispatch/routing/route_set.rb:844:in `call'
rack (2.0.5) lib/rack/etag.rb:25:in `call'
rack (2.0.5) lib/rack/conditional_get.rb:25:in `call'
rack (2.0.5) lib/rack/head.rb:12:in `call'
rack (2.0.5) lib/rack/session/abstract/id.rb:232:in `context'
rack (2.0.5) lib/rack/session/abstract/id.rb:226:in `call'
actionpack (5.1.6) lib/action_dispatch/middleware/cookies.rb:613:in `call'
activerecord (5.1.6) lib/active_record/migration.rb:556:in `call'
actionpack (5.1.6) lib/action_dispatch/middleware/callbacks.rb:26:in `block in call'
activesupport (5.1.6) lib/active_support/callbacks.rb:97:in `run_callbacks'
actionpack (5.1.6) lib/action_dispatch/middleware/callbacks.rb:24:in `call'
actionpack (5.1.6) lib/action_dispatch/middleware/executor.rb:12:in `call'
actionpack (5.1.6) lib/action_dispatch/middleware/debug_exceptions.rb:59:in `call'
web-console (3.6.2) lib/web_console/middleware.rb:135:in `call_app'
web-console (3.6.2) lib/web_console/middleware.rb:30:in `block in call'
web-console (3.6.2) lib/web_console/middleware.rb:20:in `catch'
web-console (3.6.2) lib/web_console/middleware.rb:20:in `call'
actionpack (5.1.6) lib/action_dispatch/middleware/show_exceptions.rb:31:in `call'
railties (5.1.6) lib/rails/rack/logger.rb:36:in `call_app'
railties (5.1.6) lib/rails/rack/logger.rb:24:in `block in call'
activesupport (5.1.6) lib/active_support/tagged_logging.rb:69:in `block in tagged'
activesupport (5.1.6) lib/active_support/tagged_logging.rb:26:in `tagged'
activesupport (5.1.6) lib/active_support/tagged_logging.rb:69:in `tagged'
railties (5.1.6) lib/rails/rack/logger.rb:24:in `call'
sprockets-rails (3.2.1) lib/sprockets/rails/quiet_assets.rb:11:in `block in call'
activesupport (5.1.6) lib/active_support/logger_silence.rb:20:in `silence'
activesupport (5.1.6) lib/active_support/logger.rb:63:in `block (3 levels) in broadcast'
activesupport (5.1.6) lib/active_support/logger_silence.rb:20:in `silence'
activesupport (5.1.6) lib/active_support/logger.rb:61:in `block (2 levels) in broadcast'
sprockets-rails (3.2.1) lib/sprockets/rails/quiet_assets.rb:11:in `call'
actionpack (5.1.6) lib/action_dispatch/middleware/remote_ip.rb:79:in `call'
actionpack (5.1.6) lib/action_dispatch/middleware/request_id.rb:25:in `call'
rack (2.0.5) lib/rack/method_override.rb:22:in `call'
rack (2.0.5) lib/rack/runtime.rb:22:in `call'
activesupport (5.1.6) lib/active_support/cache/strategy/local_cache_middleware.rb:27:in `call'
actionpack (5.1.6) lib/action_dispatch/middleware/executor.rb:12:in `call'
actionpack (5.1.6) lib/action_dispatch/middleware/static.rb:125:in `call'
rack (2.0.5) lib/rack/sendfile.rb:111:in `call'
railties (5.1.6) lib/rails/engine.rb:522:in `call'
puma (3.11.4) lib/puma/configuration.rb:225:in `call'
puma (3.11.4) lib/puma/server.rb:632:in `handle_request'
puma (3.11.4) lib/puma/server.rb:446:in `process_client'
puma (3.11.4) lib/puma/server.rb:306:in `block in run'
puma (3.11.4) lib/puma/thread_pool.rb:120:in `block in spawn_thread'
  
ActionController::UnknownFormat (HomeController#index is missing a template for this request format and variant.

request.formats: ["image/png"]
request.variant: []):
  
actionpack (5.1.6) lib/action_controller/metal/implicit_render.rb:40:in `default_render'
actionpack (5.1.6) lib/action_controller/metal/basic_implicit_render.rb:4:in `block in send_action'
actionpack (5.1.6) lib/action_controller/metal/basic_implicit_render.rb:4:in `tap'
actionpack (5.1.6) lib/action_controller/metal/basic_implicit_render.rb:4:in `send_action'
actionpack (5.1.6) lib/abstract_controller/base.rb:186:in `process_action'
actionpack (5.1.6) lib/action_controller/metal/rendering.rb:30:in `process_action'
actionpack (5.1.6) lib/abstract_controller/callbacks.rb:20:in `block in process_action'
activesupport (5.1.6) lib/active_support/callbacks.rb:131:in `run_callbacks'
actionpack (5.1.6) lib/abstract_controller/callbacks.rb:19:in `process_action'
actionpack (5.1.6) lib/action_controller/metal/rescue.rb:20:in `process_action'
actionpack (5.1.6) lib/action_controller/metal/instrumentation.rb:32:in `block in process_action'
activesupport (5.1.6) lib/active_support/notifications.rb:166:in `block in instrument'
activesupport (5.1.6) lib/active_support/notifications/instrumenter.rb:21:in `instrument'
activesupport (5.1.6) lib/active_support/notifications.rb:166:in `instrument'
actionpack (5.1.6) lib/action_controller/metal/instrumentation.rb:30:in `process_action'
actionpack (5.1.6) lib/action_controller/metal/params_wrapper.rb:252:in `process_action'
activerecord (5.1.6) lib/active_record/railties/controller_runtime.rb:22:in `process_action'
actionpack (5.1.6) lib/abstract_controller/base.rb:124:in `process'
actionview (5.1.6) lib/action_view/rendering.rb:30:in `process'
actionpack (5.1.6) lib/action_controller/metal.rb:189:in `dispatch'
actionpack (5.1.6) lib/action_controller/metal.rb:253:in `dispatch'
actionpack (5.1.6) lib/action_dispatch/routing/route_set.rb:49:in `dispatch'
actionpack (5.1.6) lib/action_dispatch/routing/route_set.rb:31:in `serve'
actionpack (5.1.6) lib/action_dispatch/journey/router.rb:50:in `block in serve'
actionpack (5.1.6) lib/action_dispatch/journey/router.rb:33:in `each'
actionpack (5.1.6) lib/action_dispatch/journey/router.rb:33:in `serve'
actionpack (5.1.6) lib/action_dispatch/routing/route_set.rb:844:in `call'
rack (2.0.5) lib/rack/etag.rb:25:in `call'
rack (2.0.5) lib/rack/conditional_get.rb:25:in `call'
rack (2.0.5) lib/rack/head.rb:12:in `call'
rack (2.0.5) lib/rack/session/abstract/id.rb:232:in `context'
rack (2.0.5) lib/rack/session/abstract/id.rb:226:in `call'
actionpack (5.1.6) lib/action_dispatch/middleware/cookies.rb:613:in `call'
activerecord (5.1.6) lib/active_record/migration.rb:556:in `call'
actionpack (5.1.6) lib/action_dispatch/middleware/callbacks.rb:26:in `block in call'
activesupport (5.1.6) lib/active_support/callbacks.rb:97:in `run_callbacks'
actionpack (5.1.6) lib/action_dispatch/middleware/callbacks.rb:24:in `call'
actionpack (5.1.6) lib/action_dispatch/middleware/executor.rb:12:in `call'
actionpack (5.1.6) lib/action_dispatch/middleware/debug_exceptions.rb:59:in `call'
web-console (3.6.2) lib/web_console/middleware.rb:135:in `call_app'
web-console (3.6.2) lib/web_console/middleware.rb:30:in `block in call'
web-console (3.6.2) lib/web_console/middleware.rb:20:in `catch'
web-console (3.6.2) lib/web_console/middleware.rb:20:in `call'
actionpack (5.1.6) lib/action_dispatch/middleware/show_exceptions.rb:31:in `call'
railties (5.1.6) lib/rails/rack/logger.rb:36:in `call_app'
railties (5.1.6) lib/rails/rack/logger.rb:24:in `block in call'
activesupport (5.1.6) lib/active_support/tagged_logging.rb:69:in `block in tagged'
activesupport (5.1.6) lib/active_support/tagged_logging.rb:26:in `tagged'
activesupport (5.1.6) lib/active_support/tagged_logging.rb:69:in `tagged'
railties (5.1.6) lib/rails/rack/logger.rb:24:in `call'
sprockets-rails (3.2.1) lib/sprockets/rails/quiet_assets.rb:11:in `block in call'
activesupport (5.1.6) lib/active_support/logger_silence.rb:20:in `silence'
activesupport (5.1.6) lib/active_support/logger.rb:63:in `block (3 levels) in broadcast'
activesupport (5.1.6) lib/active_support/logger_silence.rb:20:in `silence'
activesupport (5.1.6) lib/active_support/logger.rb:61:in `block (2 levels) in broadcast'
sprockets-rails (3.2.1) lib/sprockets/rails/quiet_assets.rb:11:in `call'
actionpack (5.1.6) lib/action_dispatch/middleware/remote_ip.rb:79:in `call'
actionpack (5.1.6) lib/action_dispatch/middleware/request_id.rb:25:in `call'
rack (2.0.5) lib/rack/method_override.rb:22:in `call'
rack (2.0.5) lib/rack/runtime.rb:22:in `call'
activesupport (5.1.6) lib/active_support/cache/strategy/local_cache_middleware.rb:27:in `call'
actionpack (5.1.6) lib/action_dispatch/middleware/executor.rb:12:in `call'
actionpack (5.1.6) lib/action_dispatch/middleware/static.rb:125:in `call'
rack (2.0.5) lib/rack/sendfile.rb:111:in `call'
railties (5.1.6) lib/rails/engine.rb:522:in `call'
puma (3.11.4) lib/puma/configuration.rb:225:in `call'
puma (3.11.4) lib/puma/server.rb:632:in `handle_request'
puma (3.11.4) lib/puma/server.rb:446:in `process_client'
puma (3.11.4) lib/puma/server.rb:306:in `block in run'
puma (3.11.4) lib/puma/thread_pool.rb:120:in `block in spawn_thread'
Started GET "/" for 127.0.0.1 at 2018-05-28 17:06:56 -0300
Processing by HomeController#index as HTML
  Rendering home/index.html.erb within layouts/application
  Rendered home/index.html.erb within layouts/application (0.5ms)
Completed 200 OK in 119ms (Views: 109.1ms)


  
ActionController::UnknownFormat (HomeController#index is missing a template for this request format and variant.

request.formats: ["image/svg+xml"]
request.variant: []):
  
actionpack (5.1.6) lib/action_controller/metal/implicit_render.rb:40:in `default_render'
actionpack (5.1.6) lib/action_controller/metal/basic_implicit_render.rb:4:in `block in send_action'
actionpack (5.1.6) lib/action_controller/metal/basic_implicit_render.rb:4:in `tap'
actionpack (5.1.6) lib/action_controller/metal/basic_implicit_render.rb:4:in `send_action'
actionpack (5.1.6) lib/abstract_controller/base.rb:186:in `process_action'
actionpack (5.1.6) lib/action_controller/metal/rendering.rb:30:in `process_action'
actionpack (5.1.6) lib/abstract_controller/callbacks.rb:20:in `block in process_action'
activesupport (5.1.6) lib/active_support/callbacks.rb:131:in `run_callbacks'
actionpack (5.1.6) lib/abstract_controller/callbacks.rb:19:in `process_action'
actionpack (5.1.6) lib/action_controller/metal/rescue.rb:20:in `process_action'
actionpack (5.1.6) lib/action_controller/metal/instrumentation.rb:32:in `block in process_action'
activesupport (5.1.6) lib/active_support/notifications.rb:166:in `block in instrument'
activesupport (5.1.6) lib/active_support/notifications/instrumenter.rb:21:in `instrument'
activesupport (5.1.6) lib/active_support/notifications.rb:166:in `instrument'
actionpack (5.1.6) lib/action_controller/metal/instrumentation.rb:30:in `process_action'
actionpack (5.1.6) lib/action_controller/metal/params_wrapper.rb:252:in `process_action'
activerecord (5.1.6) lib/active_record/railties/controller_runtime.rb:22:in `process_action'
actionpack (5.1.6) lib/abstract_controller/base.rb:124:in `process'
actionview (5.1.6) lib/action_view/rendering.rb:30:in `process'
actionpack (5.1.6) lib/action_controller/metal.rb:189:in `dispatch'
actionpack (5.1.6) lib/action_controller/metal.rb:253:in `dispatch'
actionpack (5.1.6) lib/action_dispatch/routing/route_set.rb:49:in `dispatch'
actionpack (5.1.6) lib/action_dispatch/routing/route_set.rb:31:in `serve'
actionpack (5.1.6) lib/action_dispatch/journey/router.rb:50:in `block in serve'
actionpack (5.1.6) lib/action_dispatch/journey/router.rb:33:in `each'
actionpack (5.1.6) lib/action_dispatch/journey/router.rb:33:in `serve'
actionpack (5.1.6) lib/action_dispatch/routing/route_set.rb:844:in `call'
rack (2.0.5) lib/rack/etag.rb:25:in `call'
rack (2.0.5) lib/rack/conditional_get.rb:25:in `call'
rack (2.0.5) lib/rack/head.rb:12:in `call'
rack (2.0.5) lib/rack/session/abstract/id.rb:232:in `context'
rack (2.0.5) lib/rack/session/abstract/id.rb:226:in `call'
actionpack (5.1.6) lib/action_dispatch/middleware/cookies.rb:613:in `call'
activerecord (5.1.6) lib/active_record/migration.rb:556:in `call'
actionpack (5.1.6) lib/action_dispatch/middleware/callbacks.rb:26:in `block in call'
activesupport (5.1.6) lib/active_support/callbacks.rb:97:in `run_callbacks'
actionpack (5.1.6) lib/action_dispatch/middleware/callbacks.rb:24:in `call'
actionpack (5.1.6) lib/action_dispatch/middleware/executor.rb:12:in `call'
actionpack (5.1.6) lib/action_dispatch/middleware/debug_exceptions.rb:59:in `call'
web-console (3.6.2) lib/web_console/middleware.rb:135:in `call_app'
web-console (3.6.2) lib/web_console/middleware.rb:30:in `block in call'
web-console (3.6.2) lib/web_console/middleware.rb:20:in `catch'
web-console (3.6.2) lib/web_console/middleware.rb:20:in `call'
actionpack (5.1.6) lib/action_dispatch/middleware/show_exceptions.rb:31:in `call'
railties (5.1.6) lib/rails/rack/logger.rb:36:in `call_app'
railties (5.1.6) lib/rails/rack/logger.rb:24:in `block in call'
activesupport (5.1.6) lib/active_support/tagged_logging.rb:69:in `block in tagged'
activesupport (5.1.6) lib/active_support/tagged_logging.rb:26:in `tagged'
activesupport (5.1.6) lib/active_support/tagged_logging.rb:69:in `tagged'
railties (5.1.6) lib/rails/rack/logger.rb:24:in `call'
sprockets-rails (3.2.1) lib/sprockets/rails/quiet_assets.rb:11:in `block in call'
activesupport (5.1.6) lib/active_support/logger_silence.rb:20:in `silence'
activesupport (5.1.6) lib/active_support/logger.rb:63:in `block (3 levels) in broadcast'
activesupport (5.1.6) lib/active_support/logger_silence.rb:20:in `silence'
activesupport (5.1.6) lib/active_support/logger.rb:61:in `block (2 levels) in broadcast'
sprockets-rails (3.2.1) lib/sprockets/rails/quiet_assets.rb:11:in `call'
actionpack (5.1.6) lib/action_dispatch/middleware/remote_ip.rb:79:in `call'
actionpack (5.1.6) lib/action_dispatch/middleware/request_id.rb:25:in `call'
rack (2.0.5) lib/rack/method_override.rb:22:in `call'
rack (2.0.5) lib/rack/runtime.rb:22:in `call'
activesupport (5.1.6) lib/active_support/cache/strategy/local_cache_middleware.rb:27:in `call'
actionpack (5.1.6) lib/action_dispatch/middleware/executor.rb:12:in `call'
actionpack (5.1.6) lib/action_dispatch/middleware/static.rb:125:in `call'
rack (2.0.5) lib/rack/sendfile.rb:111:in `call'
railties (5.1.6) lib/rails/engine.rb:522:in `call'
puma (3.11.4) lib/puma/configuration.rb:225:in `call'
puma (3.11.4) lib/puma/server.rb:632:in `handle_request'
puma (3.11.4) lib/puma/server.rb:446:in `process_client'
puma (3.11.4) lib/puma/server.rb:306:in `block in run'
puma (3.11.4) lib/puma/thread_pool.rb:120:in `block in spawn_thread'
  
ActionController::UnknownFormat (HomeController#index is missing a template for this request format and variant.

request.formats: ["image/png"]
request.variant: []):
  
actionpack (5.1.6) lib/action_controller/metal/implicit_render.rb:40:in `default_render'
actionpack (5.1.6) lib/action_controller/metal/basic_implicit_render.rb:4:in `block in send_action'
actionpack (5.1.6) lib/action_controller/metal/basic_implicit_render.rb:4:in `tap'
actionpack (5.1.6) lib/action_controller/metal/basic_implicit_render.rb:4:in `send_action'
actionpack (5.1.6) lib/abstract_controller/base.rb:186:in `process_action'
actionpack (5.1.6) lib/action_controller/metal/rendering.rb:30:in `process_action'
actionpack (5.1.6) lib/abstract_controller/callbacks.rb:20:in `block in process_action'
activesupport (5.1.6) lib/active_support/callbacks.rb:131:in `run_callbacks'
actionpack (5.1.6) lib/abstract_controller/callbacks.rb:19:in `process_action'
actionpack (5.1.6) lib/action_controller/metal/rescue.rb:20:in `process_action'
actionpack (5.1.6) lib/action_controller/metal/instrumentation.rb:32:in `block in process_action'
activesupport (5.1.6) lib/active_support/notifications.rb:166:in `block in instrument'
activesupport (5.1.6) lib/active_support/notifications/instrumenter.rb:21:in `instrument'
activesupport (5.1.6) lib/active_support/notifications.rb:166:in `instrument'
actionpack (5.1.6) lib/action_controller/metal/instrumentation.rb:30:in `process_action'
actionpack (5.1.6) lib/action_controller/metal/params_wrapper.rb:252:in `process_action'
activerecord (5.1.6) lib/active_record/railties/controller_runtime.rb:22:in `process_action'
actionpack (5.1.6) lib/abstract_controller/base.rb:124:in `process'
actionview (5.1.6) lib/action_view/rendering.rb:30:in `process'
actionpack (5.1.6) lib/action_controller/metal.rb:189:in `dispatch'
actionpack (5.1.6) lib/action_controller/metal.rb:253:in `dispatch'
actionpack (5.1.6) lib/action_dispatch/routing/route_set.rb:49:in `dispatch'
actionpack (5.1.6) lib/action_dispatch/routing/route_set.rb:31:in `serve'
actionpack (5.1.6) lib/action_dispatch/journey/router.rb:50:in `block in serve'
actionpack (5.1.6) lib/action_dispatch/journey/router.rb:33:in `each'
actionpack (5.1.6) lib/action_dispatch/journey/router.rb:33:in `serve'
actionpack (5.1.6) lib/action_dispatch/routing/route_set.rb:844:in `call'
rack (2.0.5) lib/rack/etag.rb:25:in `call'
rack (2.0.5) lib/rack/conditional_get.rb:25:in `call'
rack (2.0.5) lib/rack/head.rb:12:in `call'
rack (2.0.5) lib/rack/session/abstract/id.rb:232:in `context'
rack (2.0.5) lib/rack/session/abstract/id.rb:226:in `call'
actionpack (5.1.6) lib/action_dispatch/middleware/cookies.rb:613:in `call'
activerecord (5.1.6) lib/active_record/migration.rb:556:in `call'
actionpack (5.1.6) lib/action_dispatch/middleware/callbacks.rb:26:in `block in call'
activesupport (5.1.6) lib/active_support/callbacks.rb:97:in `run_callbacks'
actionpack (5.1.6) lib/action_dispatch/middleware/callbacks.rb:24:in `call'
actionpack (5.1.6) lib/action_dispatch/middleware/executor.rb:12:in `call'
actionpack (5.1.6) lib/action_dispatch/middleware/debug_exceptions.rb:59:in `call'
web-console (3.6.2) lib/web_console/middleware.rb:135:in `call_app'
web-console (3.6.2) lib/web_console/middleware.rb:30:in `block in call'
web-console (3.6.2) lib/web_console/middleware.rb:20:in `catch'
web-console (3.6.2) lib/web_console/middleware.rb:20:in `call'
actionpack (5.1.6) lib/action_dispatch/middleware/show_exceptions.rb:31:in `call'
railties (5.1.6) lib/rails/rack/logger.rb:36:in `call_app'
railties (5.1.6) lib/rails/rack/logger.rb:24:in `block in call'
activesupport (5.1.6) lib/active_support/tagged_logging.rb:69:in `block in tagged'
activesupport (5.1.6) lib/active_support/tagged_logging.rb:26:in `tagged'
activesupport (5.1.6) lib/active_support/tagged_logging.rb:69:in `tagged'
railties (5.1.6) lib/rails/rack/logger.rb:24:in `call'
sprockets-rails (3.2.1) lib/sprockets/rails/quiet_assets.rb:11:in `block in call'
activesupport (5.1.6) lib/active_support/logger_silence.rb:20:in `silence'
activesupport (5.1.6) lib/active_support/logger.rb:63:in `block (3 levels) in broadcast'
activesupport (5.1.6) lib/active_support/logger_silence.rb:20:in `silence'
activesupport (5.1.6) lib/active_support/logger.rb:61:in `block (2 levels) in broadcast'
sprockets-rails (3.2.1) lib/sprockets/rails/quiet_assets.rb:11:in `call'
actionpack (5.1.6) lib/action_dispatch/middleware/remote_ip.rb:79:in `call'
actionpack (5.1.6) lib/action_dispatch/middleware/request_id.rb:25:in `call'
rack (2.0.5) lib/rack/method_override.rb:22:in `call'
rack (2.0.5) lib/rack/runtime.rb:22:in `call'
activesupport (5.1.6) lib/active_support/cache/strategy/local_cache_middleware.rb:27:in `call'
actionpack (5.1.6) lib/action_dispatch/middleware/executor.rb:12:in `call'
actionpack (5.1.6) lib/action_dispatch/middleware/static.rb:125:in `call'
rack (2.0.5) lib/rack/sendfile.rb:111:in `call'
railties (5.1.6) lib/rails/engine.rb:522:in `call'
puma (3.11.4) lib/puma/configuration.rb:225:in `call'
puma (3.11.4) lib/puma/server.rb:632:in `handle_request'
puma (3.11.4) lib/puma/server.rb:446:in `process_client'
puma (3.11.4) lib/puma/server.rb:306:in `block in run'
puma (3.11.4) lib/puma/thread_pool.rb:120:in `block in spawn_thread'
Started GET "/" for 127.0.0.1 at 2018-05-28 17:13:14 -0300
Processing by HomeController#index as HTML
  Rendering home/index.html.erb within layouts/application
  Rendered home/index.html.erb within layouts/application (4.1ms)
Completed 200 OK in 136ms (Views: 124.6ms)


Started GET "/" for 127.0.0.1 at 2018-05-29 10:08:07 -0300
Processing by HomeController#index as HTML
  Rendering home/index.html.erb within layouts/application
  Rendered home/index.html.erb within layouts/application (1.7ms)
Completed 200 OK in 859ms (Views: 487.2ms)


Started GET "/" for 127.0.0.1 at 2018-05-29 10:16:47 -0300
Processing by HomeController#index as HTML
  Rendering home/index.html.erb within layouts/application
  Rendered home/index.html.erb within layouts/application (4.0ms)
Completed 200 OK in 251ms (Views: 235.8ms)


Started GET "/" for 127.0.0.1 at 2018-05-29 10:21:49 -0300
Processing by HomeController#index as HTML
  Rendering home/index.html.erb within layouts/application
  Rendered home/index.html.erb within layouts/application (4.0ms)
Completed 200 OK in 118ms (Views: 106.6ms)


Started GET "/" for 127.0.0.1 at 2018-05-29 10:22:58 -0300
Processing by HomeController#index as HTML
  Rendering home/index.html.erb within layouts/application
  Rendered home/index.html.erb within layouts/application (15.0ms)
Completed 200 OK in 193ms (Views: 175.9ms)


Started GET "/" for 127.0.0.1 at 2018-05-29 10:23:14 -0300
Processing by HomeController#index as HTML
  Rendering home/index.html.erb within layouts/application
  Rendered home/index.html.erb within layouts/application (2.3ms)
Completed 200 OK in 75ms (Views: 71.4ms)


Started GET "/" for 127.0.0.1 at 2018-05-29 10:26:22 -0300
Processing by HomeController#index as HTML
  Rendering home/index.html.erb within layouts/application
  Rendered home/index.html.erb within layouts/application (1.7ms)
Completed 200 OK in 942ms (Views: 623.0ms)


Started GET "/" for 127.0.0.1 at 2018-05-29 10:26:51 -0300
Processing by HomeController#index as HTML
  Rendering home/index.html.erb within layouts/application
  Rendered home/index.html.erb within layouts/application (0.5ms)
Completed 200 OK in 120ms (Views: 116.8ms)


Started GET "/" for 127.0.0.1 at 2018-05-29 10:26:57 -0300
Processing by HomeController#index as HTML
  Rendering home/index.html.erb within layouts/application
  Rendered home/index.html.erb within layouts/application (0.6ms)
Completed 200 OK in 82ms (Views: 79.3ms)


Started GET "/" for 127.0.0.1 at 2018-05-29 10:27:01 -0300
Processing by HomeController#index as HTML
  Rendering home/index.html.erb within layouts/application
  Rendered home/index.html.erb within layouts/application (0.5ms)
Completed 200 OK in 88ms (Views: 85.5ms)


Started GET "/" for 127.0.0.1 at 2018-05-29 10:27:19 -0300
Processing by HomeController#index as HTML
  Rendering home/index.html.erb within layouts/application
  Rendered home/index.html.erb within layouts/application (6.1ms)
Completed 200 OK in 199ms (Views: 183.2ms)


Started GET "/" for 127.0.0.1 at 2018-05-29 10:29:04 -0300
Processing by HomeController#index as HTML
  Rendering home/index.html.erb within layouts/application
  Rendered home/index.html.erb within layouts/application (10.5ms)
Completed 200 OK in 10289ms (Views: 10267.6ms)


Started GET "/" for 127.0.0.1 at 2018-05-29 10:29:49 -0300
Processing by HomeController#index as HTML
  Rendering home/index.html.erb within layouts/application
  Rendered home/index.html.erb within layouts/application (7.0ms)
Completed 200 OK in 2845ms (Views: 2821.8ms)


Started GET "/" for 127.0.0.1 at 2018-05-29 10:30:06 -0300
Processing by HomeController#index as HTML
  Rendering home/index.html.erb within layouts/application
  Rendered home/index.html.erb within layouts/application (0.9ms)
Completed 200 OK in 2506ms (Views: 2499.6ms)


Started GET "/" for 127.0.0.1 at 2018-05-29 10:33:21 -0300
Processing by HomeController#index as HTML
  Rendering home/index.html.erb within layouts/application
  Rendered home/index.html.erb within layouts/application (8.5ms)
Completed 200 OK in 3523ms (Views: 3506.7ms)


Started GET "/" for 127.0.0.1 at 2018-05-29 10:35:45 -0300
Processing by HomeController#index as HTML
  Rendering home/index.html.erb within layouts/application
  Rendered home/index.html.erb within layouts/application (5.9ms)
Completed 200 OK in 4957ms (Views: 4940.5ms)


Started GET "/" for 127.0.0.1 at 2018-05-29 10:35:56 -0300
Processing by HomeController#index as HTML
  Rendering home/index.html.erb within layouts/application
  Rendered home/index.html.erb within layouts/application (18.4ms)
Completed 200 OK in 3375ms (Views: 3327.4ms)


Started GET "/" for 127.0.0.1 at 2018-05-29 10:39:49 -0300
Processing by HomeController#index as HTML
  Rendering home/index.html.erb within layouts/application
  Rendered home/index.html.erb within layouts/application (11.7ms)
Completed 200 OK in 3121ms (Views: 3110.9ms)


Started GET "/" for 127.0.0.1 at 2018-05-29 10:40:10 -0300
Processing by HomeController#index as HTML
  Rendering home/index.html.erb within layouts/application
  Rendered home/index.html.erb within layouts/application (0.7ms)
Completed 200 OK in 2351ms (Views: 2340.7ms)


Started GET "/" for 127.0.0.1 at 2018-05-29 10:40:24 -0300
Processing by HomeController#index as HTML
  Rendering home/index.html.erb within layouts/application
  Rendered home/index.html.erb within layouts/application (0.5ms)
Completed 200 OK in 49ms (Views: 46.1ms)


Started GET "/" for 127.0.0.1 at 2018-05-29 10:40:30 -0300
Processing by HomeController#index as HTML
  Rendering home/index.html.erb within layouts/application
  Rendered home/index.html.erb within layouts/application (2.2ms)
Completed 200 OK in 93ms (Views: 86.6ms)


Started GET "/" for 127.0.0.1 at 2018-05-29 16:26:06 -0300
  
SyntaxError (/Users/emily/Projects/points/config/routes.rb:4: syntax error, unexpected tIDENTIFIER, expecting keyword_end
  get '/signup' to: 'users#new'
                ^~):
  
config/routes.rb:4: syntax error, unexpected tIDENTIFIER, expecting keyword_end
Started GET "/" for 127.0.0.1 at 2018-05-29 16:27:48 -0300
Processing by HomeController#index as HTML
  Rendering home/index.html.erb within layouts/application
  Rendered home/index.html.erb within layouts/application (23.3ms)
  Rendered layouts/_header.html.erb (5.0ms)
  Rendered layouts/_header.html.erb (0.1ms)
Completed 200 OK in 2242ms (Views: 2180.3ms)


Started GET "/signup" for 127.0.0.1 at 2018-05-29 16:27:54 -0300
Processing by UsersController#new as HTML
  Rendering users/new.html.erb within layouts/application
  Rendered users/new.html.erb within layouts/application (4.9ms)
  Rendered layouts/_header.html.erb (8.4ms)
  Rendered layouts/_header.html.erb (0.2ms)
Completed 200 OK in 511ms (Views: 494.1ms)


  [1m[35m (67.1ms)[0m  [1m[35mCREATE TABLE "schema_migrations" ("version" character varying NOT NULL PRIMARY KEY)[0m
  [1m[35m (5.2ms)[0m  [1m[35mCREATE TABLE "ar_internal_metadata" ("key" character varying NOT NULL PRIMARY KEY, "value" character varying, "created_at" timestamp NOT NULL, "updated_at" timestamp NOT NULL)[0m
  [1m[35m (3.2ms)[0m  [1m[34mSELECT pg_try_advisory_lock(4730812428785226945)[0m
  [1m[35m (3.4ms)[0m  [1m[34mSELECT "schema_migrations"."version" FROM "schema_migrations" ORDER BY "schema_migrations"."version" ASC[0m
Migrating to CreateUsers (20180529193045)
  [1m[35m (0.8ms)[0m  [1m[35mBEGIN[0m
  [1m[35m (16.8ms)[0m  [1m[35mCREATE TABLE "users" ("id" bigserial primary key, "name" character varying, "email" character varying, "created_at" timestamp NOT NULL, "updated_at" timestamp NOT NULL)[0m
  [1m[35mSQL (5.2ms)[0m  [1m[32mINSERT INTO "schema_migrations" ("version") VALUES ($1) RETURNING "version"[0m  [["version", "20180529193045"]]
  [1m[35m (0.8ms)[0m  [1m[35mCOMMIT[0m
  [1m[36mActiveRecord::InternalMetadata Load (0.7ms)[0m  [1m[34mSELECT  "ar_internal_metadata".* FROM "ar_internal_metadata" WHERE "ar_internal_metadata"."key" = $1 LIMIT $2[0m  [["key", "environment"], ["LIMIT", 1]]
  [1m[35m (0.3ms)[0m  [1m[35mBEGIN[0m
  [1m[35mSQL (1.8ms)[0m  [1m[32mINSERT INTO "ar_internal_metadata" ("key", "value", "created_at", "updated_at") VALUES ($1, $2, $3, $4) RETURNING "key"[0m  [["key", "environment"], ["value", "development"], ["created_at", "2018-05-29 19:42:25.127338"], ["updated_at", "2018-05-29 19:42:25.127338"]]
  [1m[35m (0.6ms)[0m  [1m[35mCOMMIT[0m
  [1m[35m (0.5ms)[0m  [1m[34mSELECT pg_advisory_unlock(4730812428785226945)[0m
  [1m[35m (0.6ms)[0m  [1m[34mSELECT "schema_migrations"."version" FROM "schema_migrations" ORDER BY "schema_migrations"."version" ASC[0m
  [1m[35m (0.6ms)[0m  [1m[34mSELECT pg_try_advisory_lock(4730812428785226945)[0m
  [1m[35m (1.3ms)[0m  [1m[34mSELECT "schema_migrations"."version" FROM "schema_migrations" ORDER BY "schema_migrations"."version" ASC[0m
Migrating to AddIndexToUsersEmail (20180529202517)
  [1m[35m (0.3ms)[0m  [1m[35mBEGIN[0m
  [1m[35m (8.4ms)[0m  [1m[35mCREATE UNIQUE INDEX  "index_users_on_email" ON "users"  ("email")[0m
  [1m[35mSQL (1.3ms)[0m  [1m[32mINSERT INTO "schema_migrations" ("version") VALUES ($1) RETURNING "version"[0m  [["version", "20180529202517"]]
  [1m[35m (3.2ms)[0m  [1m[35mCOMMIT[0m
  [1m[36mActiveRecord::InternalMetadata Load (1.7ms)[0m  [1m[34mSELECT  "ar_internal_metadata".* FROM "ar_internal_metadata" WHERE "ar_internal_metadata"."key" = $1 LIMIT $2[0m  [["key", "environment"], ["LIMIT", 1]]
  [1m[35m (0.3ms)[0m  [1m[35mBEGIN[0m
  [1m[35m (0.3ms)[0m  [1m[35mCOMMIT[0m
  [1m[35m (0.4ms)[0m  [1m[34mSELECT pg_advisory_unlock(4730812428785226945)[0m
  [1m[35m (0.5ms)[0m  [1m[34mSELECT "schema_migrations"."version" FROM "schema_migrations" ORDER BY "schema_migrations"."version" ASC[0m
Started GET "/" for 127.0.0.1 at 2018-05-31 15:28:26 -0300
  [1m[35m (1.9ms)[0m  [1m[34mSELECT "schema_migrations"."version" FROM "schema_migrations" ORDER BY "schema_migrations"."version" ASC[0m
Processing by HomeController#index as HTML
  Rendering home/index.html.erb within layouts/application
  Rendered home/index.html.erb within layouts/application (2.1ms)
  [1m[36mUser Load (59.3ms)[0m  [1m[34mSELECT  "users".* FROM "users" WHERE "users"."id" = $1 ORDER BY "users"."id" ASC LIMIT $2[0m  [["id", 1], ["LIMIT", 1]]
  Rendered layouts/_header.html.erb (156.8ms)
  Rendered layouts/_footer.html.erb (0.7ms)
Completed 200 OK in 808ms (Views: 660.2ms | ActiveRecord: 123.2ms)


Started DELETE "/users/sign_out" for 127.0.0.1 at 2018-05-31 15:28:31 -0300
Processing by Devise::SessionsController#destroy as HTML
  Parameters: {"authenticity_token"=>"/SWaaZKMUNPhs3cAcOOC+7HPPm+olc+mbsASWs/x2q7XVUJzZD4TgBZW4jOI+w20GhksYIuDvspAxZnRjbW1Gw=="}
  [1m[36mUser Load (0.8ms)[0m  [1m[34mSELECT  "users".* FROM "users" WHERE "users"."id" = $1 ORDER BY "users"."id" ASC LIMIT $2[0m  [["id", 1], ["LIMIT", 1]]
  [1m[35m (0.7ms)[0m  [1m[35mBEGIN[0m
  [1m[35m (0.4ms)[0m  [1m[35mCOMMIT[0m
Redirected to http://localhost:3000/
Completed 302 Found in 33ms (ActiveRecord: 1.8ms)


Started GET "/" for 127.0.0.1 at 2018-05-31 15:28:31 -0300
Processing by HomeController#index as HTML
  Rendering home/index.html.erb within layouts/application
  Rendered home/index.html.erb within layouts/application (0.7ms)
  Rendered layouts/_header.html.erb (12.3ms)
  Rendered layouts/_footer.html.erb (0.6ms)
Completed 200 OK in 73ms (Views: 70.4ms | ActiveRecord: 0.0ms)


Started GET "/users/sign_in" for 127.0.0.1 at 2018-05-31 15:28:34 -0300
Processing by Devise::SessionsController#new as HTML
  Rendering devise/sessions/new.html.erb within layouts/application
  Rendered devise/shared/_links.html.erb (1.6ms)
  Rendered devise/sessions/new.html.erb within layouts/application (73.3ms)
  Rendered layouts/_header.html.erb (1.0ms)
  Rendered layouts/_footer.html.erb (0.4ms)
Completed 200 OK in 136ms (Views: 130.4ms | ActiveRecord: 0.0ms)


Started POST "/users/sign_in" for 127.0.0.1 at 2018-05-31 15:28:36 -0300
Processing by Devise::SessionsController#create as HTML
  Parameters: {"utf8"=>"✓", "authenticity_token"=>"6n37SKXGMYLAdbcYm+jaXAdjRpAxKJ9tzK7pJbKaUk7Pu5UZyqr+b+pG5gDHpvA66XX8PbQsDGhSfU3Iv0l+GA==", "user"=>{"email"=>"emily@ombulabs.com", "password"=>"[FILTERED]", "remember_me"=>"0"}, "commit"=>"Log in"}
  [1m[36mUser Load (17.1ms)[0m  [1m[34mSELECT  "users".* FROM "users" WHERE "users"."email" = $1 ORDER BY "users"."id" ASC LIMIT $2[0m  [["email", "emily@ombulabs.com"], ["LIMIT", 1]]
  [1m[35m (0.3ms)[0m  [1m[35mBEGIN[0m
  [1m[35mSQL (34.4ms)[0m  [1m[33mUPDATE "users" SET "current_sign_in_at" = $1, "last_sign_in_at" = $2, "sign_in_count" = $3, "updated_at" = $4 WHERE "users"."id" = $5[0m  [["current_sign_in_at", "2018-05-31 18:28:36.789574"], ["last_sign_in_at", "2018-05-31 14:25:25.120761"], ["sign_in_count", 6], ["updated_at", "2018-05-31 18:28:36.791224"], ["id", 1]]
  [1m[35m (2.3ms)[0m  [1m[35mCOMMIT[0m
Redirected to http://localhost:3000/
Completed 302 Found in 272ms (ActiveRecord: 54.1ms)


Started GET "/" for 127.0.0.1 at 2018-05-31 15:28:36 -0300
Processing by HomeController#index as HTML
  Rendering home/index.html.erb within layouts/application
  Rendered home/index.html.erb within layouts/application (0.7ms)
  [1m[36mUser Load (0.7ms)[0m  [1m[34mSELECT  "users".* FROM "users" WHERE "users"."id" = $1 ORDER BY "users"."id" ASC LIMIT $2[0m  [["id", 1], ["LIMIT", 1]]
  Rendered layouts/_header.html.erb (3.6ms)
  Rendered layouts/_footer.html.erb (0.4ms)
Completed 200 OK in 61ms (Views: 56.8ms | ActiveRecord: 0.7ms)


Started GET "/" for 127.0.0.1 at 2018-05-31 15:38:14 -0300
Processing by HomeController#index as HTML
  Rendering home/index.html.erb within layouts/application
  Rendered home/index.html.erb within layouts/application (1.7ms)
  [1m[36mUser Load (6.2ms)[0m  [1m[34mSELECT  "users".* FROM "users" WHERE "users"."id" = $1 ORDER BY "users"."id" ASC LIMIT $2[0m  [["id", 1], ["LIMIT", 1]]
  Rendered layouts/_header.html.erb (124.0ms)
  Rendered layouts/_footer.html.erb (1.5ms)
Completed 200 OK in 402ms (Views: 322.0ms | ActiveRecord: 74.7ms)


Started DELETE "/signout" for 127.0.0.1 at 2018-05-31 15:38:16 -0300
Processing by Devise::SessionsController#destroy as HTML
  Parameters: {"authenticity_token"=>"C26xA/Z+TBbtX6lDOP6QwznTrC5Ox4q2/2u4nbi25OHOEW5GWcxLLBWBrQFil5YKYcaazTvU4h38X5XlGq4y6g=="}
  [1m[36mUser Load (0.7ms)[0m  [1m[34mSELECT  "users".* FROM "users" WHERE "users"."id" = $1 ORDER BY "users"."id" ASC LIMIT $2[0m  [["id", 1], ["LIMIT", 1]]
  [1m[35m (0.4ms)[0m  [1m[35mBEGIN[0m
  [1m[35m (1.0ms)[0m  [1m[35mCOMMIT[0m
Redirected to http://localhost:3000/
Completed 302 Found in 12ms (ActiveRecord: 2.0ms)


Started GET "/" for 127.0.0.1 at 2018-05-31 15:38:17 -0300
Processing by HomeController#index as HTML
  Rendering home/index.html.erb within layouts/application
  Rendered home/index.html.erb within layouts/application (3.5ms)
  Rendered layouts/_header.html.erb (2.1ms)
  Rendered layouts/_footer.html.erb (0.6ms)
Completed 200 OK in 120ms (Views: 114.6ms | ActiveRecord: 0.0ms)


Started GET "/signin" for 127.0.0.1 at 2018-05-31 15:38:18 -0300
Processing by Devise::SessionsController#new as HTML
  Rendering devise/sessions/new.html.erb within layouts/application
  Rendered devise/shared/_links.html.erb (1.2ms)
  Rendered devise/sessions/new.html.erb within layouts/application (31.3ms)
  Rendered layouts/_header.html.erb (1.1ms)
  Rendered layouts/_footer.html.erb (0.4ms)
Completed 200 OK in 100ms (Views: 96.5ms | ActiveRecord: 0.0ms)


Started POST "/signin" for 127.0.0.1 at 2018-05-31 15:38:19 -0300
Processing by Devise::SessionsController#create as HTML
  Parameters: {"utf8"=>"✓", "authenticity_token"=>"C3ydB0XeWcUnZnLqvyrfacj9HFhd8+C0zhhhBNrgmiJddfOFRq+YMCjIcyngWxypVsYCrmni+j8LQ53Rm2vblQ==", "user"=>{"email"=>"emily@ombulabs.com", "password"=>"[FILTERED]", "remember_me"=>"0"}, "commit"=>"Log in"}
  [1m[36mUser Load (1.0ms)[0m  [1m[34mSELECT  "users".* FROM "users" WHERE "users"."email" = $1 ORDER BY "users"."id" ASC LIMIT $2[0m  [["email", "emily@ombulabs.com"], ["LIMIT", 1]]
  [1m[35m (0.4ms)[0m  [1m[35mBEGIN[0m
  [1m[35mSQL (24.1ms)[0m  [1m[33mUPDATE "users" SET "current_sign_in_at" = $1, "last_sign_in_at" = $2, "sign_in_count" = $3, "updated_at" = $4 WHERE "users"."id" = $5[0m  [["current_sign_in_at", "2018-05-31 18:38:19.941630"], ["last_sign_in_at", "2018-05-31 18:28:36.789574"], ["sign_in_count", 7], ["updated_at", "2018-05-31 18:38:19.944682"], ["id", 1]]
  [1m[35m (1.2ms)[0m  [1m[35mCOMMIT[0m
Redirected to http://localhost:3000/
Completed 302 Found in 242ms (ActiveRecord: 26.7ms)


Started GET "/" for 127.0.0.1 at 2018-05-31 15:38:19 -0300
Processing by HomeController#index as HTML
  Rendering home/index.html.erb within layouts/application
  Rendered home/index.html.erb within layouts/application (0.8ms)
  [1m[36mUser Load (0.5ms)[0m  [1m[34mSELECT  "users".* FROM "users" WHERE "users"."id" = $1 ORDER BY "users"."id" ASC LIMIT $2[0m  [["id", 1], ["LIMIT", 1]]
  Rendered layouts/_header.html.erb (3.6ms)
  Rendered layouts/_footer.html.erb (0.6ms)
Completed 200 OK in 114ms (Views: 109.9ms | ActiveRecord: 0.5ms)


Started GET "/" for 127.0.0.1 at 2018-06-01 14:18:39 -0300
  [1m[35m (14.7ms)[0m  [1m[34mSELECT "schema_migrations"."version" FROM "schema_migrations" ORDER BY "schema_migrations"."version" ASC[0m
Processing by HomeController#index as HTML
  Rendering home/index.html.erb within layouts/application
  Rendered home/index.html.erb within layouts/application (1.8ms)
  Rendered layouts/_header.html.erb (6.4ms)
  Rendered layouts/_footer.html.erb (0.4ms)
Completed 200 OK in 469ms (Views: 450.9ms | ActiveRecord: 0.0ms)


Started GET "/users/sign_in" for 127.0.0.1 at 2018-06-01 14:18:50 -0300
Processing by Devise::SessionsController#new as HTML
  Rendering devise/sessions/new.html.erb within layouts/application
  Rendered devise/shared/_links.html.erb (2.4ms)
  Rendered devise/sessions/new.html.erb within layouts/application (46.4ms)
  Rendered layouts/_header.html.erb (1.0ms)
  Rendered layouts/_footer.html.erb (0.5ms)
Completed 200 OK in 169ms (Views: 108.1ms | ActiveRecord: 40.3ms)


Started POST "/users/sign_in" for 127.0.0.1 at 2018-06-01 14:19:17 -0300
Processing by Devise::SessionsController#create as HTML
  Parameters: {"utf8"=>"✓", "authenticity_token"=>"Bh6zRX3JBQEaBpgLMAMF2tigJfiUNRl3YyuzkCRniUbX4iyI+CX7BolPA7Wgm+2gtfCeJ8hMKeKgnT2XNhqUig==", "user"=>{"email"=>"emily@ombulabs.com", "password"=>"[FILTERED]", "remember_me"=>"0"}, "commit"=>"Log in"}
  [1m[36mUser Load (25.5ms)[0m  [1m[34mSELECT  "users".* FROM "users" WHERE "users"."email" = $1 ORDER BY "users"."id" ASC LIMIT $2[0m  [["email", "emily@ombulabs.com"], ["LIMIT", 1]]
  [1m[35m (0.3ms)[0m  [1m[35mBEGIN[0m
  [1m[35mSQL (37.9ms)[0m  [1m[33mUPDATE "users" SET "current_sign_in_at" = $1, "last_sign_in_at" = $2, "sign_in_count" = $3, "updated_at" = $4 WHERE "users"."id" = $5[0m  [["current_sign_in_at", "2018-06-01 17:19:17.241313"], ["last_sign_in_at", "2018-05-31 18:38:19.941630"], ["sign_in_count", 8], ["updated_at", "2018-06-01 17:19:17.243167"], ["id", 1]]
  [1m[35m (2.7ms)[0m  [1m[35mCOMMIT[0m
Redirected to http://localhost:3000/
Completed 302 Found in 289ms (ActiveRecord: 66.3ms)


Started GET "/" for 127.0.0.1 at 2018-06-01 14:19:17 -0300
Processing by HomeController#index as HTML
  Rendering home/index.html.erb within layouts/application
  Rendered home/index.html.erb within layouts/application (1.1ms)
  [1m[36mUser Load (0.6ms)[0m  [1m[34mSELECT  "users".* FROM "users" WHERE "users"."id" = $1 ORDER BY "users"."id" ASC LIMIT $2[0m  [["id", 1], ["LIMIT", 1]]
  Rendered layouts/_header.html.erb (4.4ms)
  Rendered layouts/_footer.html.erb (0.7ms)
Completed 200 OK in 129ms (Views: 125.6ms | ActiveRecord: 0.6ms)


Started DELETE "/users/sign_out" for 127.0.0.1 at 2018-06-01 15:39:48 -0300
Processing by Devise::SessionsController#destroy as HTML
  Parameters: {"authenticity_token"=>"VVi1xyMu4PMnGb/YL7FDUc9kZxJquPZ+2r3EK1/7dyfiCMgleOgVe2dzzH1C2oejWLl0O8uGQWMR/ddp9EwjKA=="}
  [1m[36mUser Load (50.9ms)[0m  [1m[34mSELECT  "users".* FROM "users" WHERE "users"."id" = $1 ORDER BY "users"."id" ASC LIMIT $2[0m  [["id", 1], ["LIMIT", 1]]
  [1m[35m (0.5ms)[0m  [1m[35mBEGIN[0m
  [1m[35m (0.7ms)[0m  [1m[35mCOMMIT[0m
Redirected to http://localhost:3000/
Completed 302 Found in 365ms (ActiveRecord: 52.1ms)


Started GET "/" for 127.0.0.1 at 2018-06-01 15:39:48 -0300
Processing by HomeController#index as HTML
  Rendering home/index.html.erb within layouts/application
  Rendered home/index.html.erb within layouts/application (7.3ms)
  Rendered layouts/_header.html.erb (2.7ms)
  Rendered layouts/_footer.html.erb (2.6ms)
Completed 200 OK in 654ms (Views: 643.1ms | ActiveRecord: 0.0ms)


Started GET "/users/sign_in" for 127.0.0.1 at 2018-06-01 15:43:50 -0300
Processing by Devise::SessionsController#new as HTML
  Rendering devise/sessions/new.html.erb within layouts/application
  Rendered devise/shared/_links.html.erb (10.3ms)
  Rendered devise/sessions/new.html.erb within layouts/application (113.1ms)
  Rendered layouts/_header.html.erb (4.1ms)
  Rendered layouts/_footer.html.erb (2.8ms)
Completed 200 OK in 1201ms (Views: 1108.6ms | ActiveRecord: 0.0ms)


Started POST "/users/sign_in" for 127.0.0.1 at 2018-06-01 15:43:57 -0300
Processing by Devise::SessionsController#create as HTML
  Parameters: {"utf8"=>"✓", "authenticity_token"=>"n25aFjmk3bEjo+GOM8ybj2LUr2HTPRe48pgUjX4v0FlmIplLtHzOIckedm9yZ3Tyfq27UYJbf4z7+G58dosCYw==", "user"=>{"email"=>"emily@ombulabs.com", "password"=>"[FILTERED]", "remember_me"=>"0"}, "commit"=>"Log in"}
  [1m[36mUser Load (93.6ms)[0m  [1m[34mSELECT  "users".* FROM "users" WHERE "users"."email" = $1 ORDER BY "users"."id" ASC LIMIT $2[0m  [["email", "emily@ombulabs.com"], ["LIMIT", 1]]
  [1m[35m (0.8ms)[0m  [1m[35mBEGIN[0m
  [1m[35mSQL (61.5ms)[0m  [1m[33mUPDATE "users" SET "current_sign_in_at" = $1, "last_sign_in_at" = $2, "sign_in_count" = $3, "updated_at" = $4 WHERE "users"."id" = $5[0m  [["current_sign_in_at", "2018-06-01 18:43:58.082305"], ["last_sign_in_at", "2018-06-01 17:19:17.241313"], ["sign_in_count", 9], ["updated_at", "2018-06-01 18:43:58.087926"], ["id", 1]]
  [1m[35m (17.5ms)[0m  [1m[35mCOMMIT[0m
Redirected to http://localhost:3000/
Completed 302 Found in 466ms (ActiveRecord: 173.4ms)


Started GET "/" for 127.0.0.1 at 2018-06-01 15:43:58 -0300
Processing by HomeController#index as HTML
  Rendering home/index.html.erb within layouts/application
  Rendered home/index.html.erb within layouts/application (1.0ms)
  [1m[36mUser Load (1.0ms)[0m  [1m[34mSELECT  "users".* FROM "users" WHERE "users"."id" = $1 ORDER BY "users"."id" ASC LIMIT $2[0m  [["id", 1], ["LIMIT", 1]]
  Rendered layouts/_header.html.erb (8.8ms)
  Rendered layouts/_footer.html.erb (0.7ms)
Completed 200 OK in 219ms (Views: 213.3ms | ActiveRecord: 1.0ms)


Started DELETE "/users/sign_out" for 127.0.0.1 at 2018-06-01 15:44:03 -0300
Processing by Devise::SessionsController#destroy as HTML
  Parameters: {"authenticity_token"=>"i3hp3bjEqOFlhhbr7akpO4RPPnz1nrH4Zvem0sFo/PpN9epPXikwmPOR2qmurl3XoMVEy1jFLqkTm1pnKxA5bA=="}
  [1m[36mUser Load (0.8ms)[0m  [1m[34mSELECT  "users".* FROM "users" WHERE "users"."id" = $1 ORDER BY "users"."id" ASC LIMIT $2[0m  [["id", 1], ["LIMIT", 1]]
  [1m[35m (0.5ms)[0m  [1m[35mBEGIN[0m
  [1m[35m (0.3ms)[0m  [1m[35mCOMMIT[0m
Redirected to http://localhost:3000/
Completed 302 Found in 13ms (ActiveRecord: 1.6ms)


Started GET "/" for 127.0.0.1 at 2018-06-01 15:44:03 -0300
Processing by HomeController#index as HTML
  Rendering home/index.html.erb within layouts/application
  Rendered home/index.html.erb within layouts/application (1.2ms)
  Rendered layouts/_header.html.erb (3.2ms)
  Rendered layouts/_footer.html.erb (0.6ms)
Completed 200 OK in 217ms (Views: 214.4ms | ActiveRecord: 0.0ms)


Started GET "/users/sign_in" for 127.0.0.1 at 2018-06-01 15:44:10 -0300
Processing by Devise::SessionsController#new as HTML
  Rendering devise/sessions/new.html.erb within layouts/application
  Rendered devise/shared/_links.html.erb (1.4ms)
  Rendered devise/sessions/new.html.erb within layouts/application (8.0ms)
  Rendered layouts/_header.html.erb (1.7ms)
  Rendered layouts/_footer.html.erb (0.5ms)
Completed 200 OK in 93ms (Views: 89.7ms | ActiveRecord: 0.0ms)


Started POST "/users/sign_in" for 127.0.0.1 at 2018-06-01 15:44:12 -0300
Processing by Devise::SessionsController#create as HTML
  Parameters: {"utf8"=>"✓", "authenticity_token"=>"ZxlWSS0oUUN3ziLLh6s6SwHakN0kw+kQfVqHlAOFyIsDbh8BW0Hdc7C/qPY0SOnSts/5FPM69i8fm0+ULJj5AA==", "user"=>{"email"=>"emily@ombulabs.com", "password"=>"[FILTERED]", "remember_me"=>"0"}, "commit"=>"Log in"}
  [1m[36mUser Load (0.8ms)[0m  [1m[34mSELECT  "users".* FROM "users" WHERE "users"."email" = $1 ORDER BY "users"."id" ASC LIMIT $2[0m  [["email", "emily@ombulabs.com"], ["LIMIT", 1]]
  [1m[35m (0.3ms)[0m  [1m[35mBEGIN[0m
  [1m[35mSQL (0.7ms)[0m  [1m[33mUPDATE "users" SET "current_sign_in_at" = $1, "last_sign_in_at" = $2, "sign_in_count" = $3, "updated_at" = $4 WHERE "users"."id" = $5[0m  [["current_sign_in_at", "2018-06-01 18:44:12.343371"], ["last_sign_in_at", "2018-06-01 18:43:58.082305"], ["sign_in_count", 10], ["updated_at", "2018-06-01 18:44:12.344598"], ["id", 1]]
  [1m[35m (5.2ms)[0m  [1m[35mCOMMIT[0m
Redirected to http://localhost:3000/
Completed 302 Found in 221ms (ActiveRecord: 6.9ms)


Started GET "/" for 127.0.0.1 at 2018-06-01 15:44:12 -0300
Processing by HomeController#index as HTML
  Rendering home/index.html.erb within layouts/application
  Rendered home/index.html.erb within layouts/application (0.7ms)
  [1m[36mUser Load (1.1ms)[0m  [1m[34mSELECT  "users".* FROM "users" WHERE "users"."id" = $1 ORDER BY "users"."id" ASC LIMIT $2[0m  [["id", 1], ["LIMIT", 1]]
  Rendered layouts/_header.html.erb (7.0ms)
  Rendered layouts/_footer.html.erb (0.9ms)
Completed 200 OK in 84ms (Views: 81.2ms | ActiveRecord: 1.1ms)


Started DELETE "/users/sign_out" for 127.0.0.1 at 2018-06-01 15:50:28 -0300
Processing by Devise::SessionsController#destroy as HTML
  Parameters: {"authenticity_token"=>"9wR9/FDc//pd3wJvlPVK8TGDQ71GklIrR2BPqnQiUCoAkrnuYUXIifOfqIvGpuI+KCtQm5uUoEVhtiXqibNdAw=="}
  [1m[36mUser Load (0.8ms)[0m  [1m[34mSELECT  "users".* FROM "users" WHERE "users"."id" = $1 ORDER BY "users"."id" ASC LIMIT $2[0m  [["id", 1], ["LIMIT", 1]]
  [1m[35m (0.4ms)[0m  [1m[35mBEGIN[0m
  [1m[35m (0.3ms)[0m  [1m[35mCOMMIT[0m
Redirected to http://localhost:3000/
Completed 302 Found in 330ms (ActiveRecord: 140.0ms)


Started GET "/" for 127.0.0.1 at 2018-06-01 15:50:29 -0300
Processing by HomeController#index as HTML
  Rendering home/index.html.erb within layouts/application
  Rendered home/index.html.erb within layouts/application (2.5ms)
  Rendered layouts/_header.html.erb (2.2ms)
  Rendered layouts/_footer.html.erb (4.9ms)
Completed 200 OK in 811ms (Views: 807.0ms | ActiveRecord: 0.0ms)


Started GET "/users/sign_in" for 127.0.0.1 at 2018-06-01 15:50:31 -0300
Processing by Devise::SessionsController#new as HTML
  Rendering devise/sessions/new.html.erb within layouts/application
  Rendered devise/shared/_links.html.erb (4.6ms)
  Rendered devise/sessions/new.html.erb within layouts/application (17.8ms)
  Rendered layouts/_header.html.erb (1.0ms)
  Rendered layouts/_footer.html.erb (0.6ms)
Completed 200 OK in 149ms (Views: 146.5ms | ActiveRecord: 0.0ms)


Started GET "/users/sign_in" for 127.0.0.1 at 2018-06-01 15:57:24 -0300
Processing by Devise::SessionsController#new as HTML
  Rendering devise/sessions/new.html.erb within layouts/application
  Rendered devise/shared/_links.html.erb (2.4ms)
  Rendered devise/sessions/new.html.erb within layouts/application (48.6ms)
  Rendered layouts/_header.html.erb (7.0ms)
  Rendered layouts/_footer.html.erb (1.2ms)
Completed 200 OK in 778ms (Views: 673.2ms | ActiveRecord: 28.3ms)


Started POST "/users/sign_in" for 127.0.0.1 at 2018-06-01 15:57:27 -0300
Processing by Devise::SessionsController#create as HTML
  Parameters: {"utf8"=>"✓", "authenticity_token"=>"nUijGDQbmTc4lDf5lmMP5DPDcFu4dfOsslsUV3KfGVFh5ZlZ0a+hTv0Pk1bFiptVnJQLzu7PgdZulxQbJD5dCA==", "user"=>{"email"=>"emily@ombulabs.com", "password"=>"[FILTERED]", "remember_me"=>"0"}, "commit"=>"Log in"}
  [1m[36mUser Load (14.7ms)[0m  [1m[34mSELECT  "users".* FROM "users" WHERE "users"."email" = $1 ORDER BY "users"."id" ASC LIMIT $2[0m  [["email", "emily@ombulabs.com"], ["LIMIT", 1]]
  [1m[35m (0.5ms)[0m  [1m[35mBEGIN[0m
  [1m[35mSQL (42.7ms)[0m  [1m[33mUPDATE "users" SET "current_sign_in_at" = $1, "last_sign_in_at" = $2, "sign_in_count" = $3, "updated_at" = $4 WHERE "users"."id" = $5[0m  [["current_sign_in_at", "2018-06-01 18:57:27.611806"], ["last_sign_in_at", "2018-06-01 18:44:12.343371"], ["sign_in_count", 11], ["updated_at", "2018-06-01 18:57:27.617769"], ["id", 1]]
  [1m[35m (17.6ms)[0m  [1m[35mCOMMIT[0m
Redirected to http://localhost:3000/project/index
Completed 302 Found in 445ms (ActiveRecord: 75.6ms)


Started GET "/project/index" for 127.0.0.1 at 2018-06-01 15:57:27 -0300
Processing by ProjectController#index as HTML
  Rendering project/index.html.erb within layouts/application
  Rendered project/index.html.erb within layouts/application (0.7ms)
  [1m[36mUser Load (1.3ms)[0m  [1m[34mSELECT  "users".* FROM "users" WHERE "users"."id" = $1 ORDER BY "users"."id" ASC LIMIT $2[0m  [["id", 1], ["LIMIT", 1]]
  Rendered layouts/_header.html.erb (29.6ms)
  Rendered layouts/_footer.html.erb (0.8ms)
Completed 200 OK in 220ms (Views: 212.1ms | ActiveRecord: 1.3ms)


Started DELETE "/users/sign_out" for 127.0.0.1 at 2018-06-01 15:58:22 -0300
Processing by Devise::SessionsController#destroy as HTML
  Parameters: {"authenticity_token"=>"T17indp9TtKxe1uR78px5+E0fsbaOy9lNUOn1S0AausuumWc+jqqUpV2BKWroOoO6TT/zLF0TVHlulVA3V0zGQ=="}
  [1m[36mUser Load (3.4ms)[0m  [1m[34mSELECT  "users".* FROM "users" WHERE "users"."id" = $1 ORDER BY "users"."id" ASC LIMIT $2[0m  [["id", 1], ["LIMIT", 1]]
  [1m[35m (0.4ms)[0m  [1m[35mBEGIN[0m
  [1m[35m (0.4ms)[0m  [1m[35mCOMMIT[0m
Redirected to http://localhost:3000/
Completed 302 Found in 162ms (ActiveRecord: 4.1ms)


Started GET "/" for 127.0.0.1 at 2018-06-01 15:58:22 -0300
Processing by HomeController#index as HTML
  Rendering home/index.html.erb within layouts/application
  Rendered home/index.html.erb within layouts/application (5.1ms)
  Rendered layouts/_header.html.erb (2.6ms)
  Rendered layouts/_footer.html.erb (11.5ms)
Completed 200 OK in 499ms (Views: 481.7ms | ActiveRecord: 0.0ms)


Started GET "/users/sign_in" for 127.0.0.1 at 2018-06-01 15:58:25 -0300
Processing by Devise::SessionsController#new as HTML
  Rendering devise/sessions/new.html.erb within layouts/application
  Rendered devise/shared/_links.html.erb (3.0ms)
  Rendered devise/sessions/new.html.erb within layouts/application (13.6ms)
  Rendered layouts/_header.html.erb (1.3ms)
  Rendered layouts/_footer.html.erb (0.7ms)
Completed 200 OK in 136ms (Views: 132.9ms | ActiveRecord: 0.0ms)


Started POST "/users/sign_in" for 127.0.0.1 at 2018-06-01 16:07:44 -0300
Processing by Devise::SessionsController#create as HTML
  Parameters: {"utf8"=>"✓", "authenticity_token"=>"AjZFLspHwQoU2Iw9Oa5Qsa0DNdDegBRn2iDLXsYrSY2bsk+2TAXJ631iYMu8LoLCApY8GyEKQfyZBZsdUwxHIQ==", "user"=>{"email"=>"emily@ombulabs.com", "password"=>"[FILTERED]", "remember_me"=>"0"}, "commit"=>"Log in"}
  [1m[36mUser Load (4.2ms)[0m  [1m[34mSELECT  "users".* FROM "users" WHERE "users"."email" = $1 ORDER BY "users"."id" ASC LIMIT $2[0m  [["email", "emily@ombulabs.com"], ["LIMIT", 1]]
  [1m[35m (0.6ms)[0m  [1m[35mBEGIN[0m
  [1m[35mSQL (9.8ms)[0m  [1m[33mUPDATE "users" SET "current_sign_in_at" = $1, "last_sign_in_at" = $2, "sign_in_count" = $3, "updated_at" = $4 WHERE "users"."id" = $5[0m  [["current_sign_in_at", "2018-06-01 19:07:44.870410"], ["last_sign_in_at", "2018-06-01 18:57:27.611806"], ["sign_in_count", 12], ["updated_at", "2018-06-01 19:07:44.878533"], ["id", 1]]
  [1m[35m (0.7ms)[0m  [1m[35mCOMMIT[0m
Completed 500 Internal Server Error in 1083ms (ActiveRecord: 45.7ms)


  
NameError (undefined local variable or method `project_index_path' for #<Devise::SessionsController:0x00007f954749b680>
Did you mean?  projects_path):
  
app/controllers/application_controller.rb:9:in `after_sign_in_path_for'
Started GET "/" for 127.0.0.1 at 2018-06-01 16:07:57 -0300
Processing by HomeController#index as HTML
  Rendering home/index.html.erb within layouts/application
  Rendered home/index.html.erb within layouts/application (1.5ms)
  Rendered layouts/_header.html.erb (2.7ms)
  Rendered layouts/_footer.html.erb (1.3ms)
Completed 200 OK in 105ms (Views: 100.6ms | ActiveRecord: 0.0ms)


Started GET "/users/sign_in" for 127.0.0.1 at 2018-06-01 16:07:59 -0300
Processing by Devise::SessionsController#new as HTML
  Rendering devise/sessions/new.html.erb within layouts/application
  Rendered devise/shared/_links.html.erb (1.5ms)
  Rendered devise/sessions/new.html.erb within layouts/application (9.4ms)
  Rendered layouts/_header.html.erb (4.5ms)
  Rendered layouts/_footer.html.erb (1.0ms)
Completed 200 OK in 196ms (Views: 147.5ms | ActiveRecord: 12.0ms)


Started POST "/users/sign_in" for 127.0.0.1 at 2018-06-01 16:08:01 -0300
Processing by Devise::SessionsController#create as HTML
  Parameters: {"utf8"=>"✓", "authenticity_token"=>"tZuNuhGWPMULpubIF+SHEDC7y11aQjjBXPjZFRroldssH4cil9Q0JGIcCj6SZFVjny7ClqXIbVof3YlWj8+bdw==", "user"=>{"email"=>"emily@ombulabs.com", "password"=>"[FILTERED]", "remember_me"=>"0"}, "commit"=>"Log in"}
  [1m[36mUser Load (0.7ms)[0m  [1m[34mSELECT  "users".* FROM "users" WHERE "users"."email" = $1 ORDER BY "users"."id" ASC LIMIT $2[0m  [["email", "emily@ombulabs.com"], ["LIMIT", 1]]
  [1m[35m (0.3ms)[0m  [1m[35mBEGIN[0m
  [1m[35mSQL (6.7ms)[0m  [1m[33mUPDATE "users" SET "current_sign_in_at" = $1, "last_sign_in_at" = $2, "sign_in_count" = $3, "updated_at" = $4 WHERE "users"."id" = $5[0m  [["current_sign_in_at", "2018-06-01 19:08:01.290765"], ["last_sign_in_at", "2018-06-01 19:07:44.870410"], ["sign_in_count", 13], ["updated_at", "2018-06-01 19:08:01.291987"], ["id", 1]]
  [1m[35m (0.6ms)[0m  [1m[35mCOMMIT[0m
Completed 500 Internal Server Error in 748ms (ActiveRecord: 8.4ms)


  
NameError (undefined local variable or method `projects_index_path' for #<Devise::SessionsController:0x00007f95472ebda8>
Did you mean?  projects_path):
  
app/controllers/application_controller.rb:9:in `after_sign_in_path_for'
Started GET "/" for 127.0.0.1 at 2018-06-01 16:08:51 -0300
Processing by HomeController#index as HTML
  Rendering home/index.html.erb within layouts/application
  Rendered home/index.html.erb within layouts/application (4.4ms)
  Rendered layouts/_header.html.erb (7.4ms)
  Rendered layouts/_footer.html.erb (1.7ms)
Completed 200 OK in 348ms (Views: 341.2ms | ActiveRecord: 0.0ms)


Started GET "/users/sign_in" for 127.0.0.1 at 2018-06-01 16:08:55 -0300
Processing by Devise::SessionsController#new as HTML
  Rendering devise/sessions/new.html.erb within layouts/application
  Rendered devise/shared/_links.html.erb (2.5ms)
  Rendered devise/sessions/new.html.erb within layouts/application (64.2ms)
  Rendered layouts/_header.html.erb (2.1ms)
  Rendered layouts/_footer.html.erb (1.0ms)
Completed 200 OK in 698ms (Views: 449.2ms | ActiveRecord: 52.7ms)


Started POST "/users/sign_in" for 127.0.0.1 at 2018-06-01 16:08:57 -0300
Processing by Devise::SessionsController#create as HTML
  Parameters: {"utf8"=>"✓", "authenticity_token"=>"DsMXt4lRnpFEeDN4OjH5oNpYLA1A8SxoEBr16z931hWXRx0vDxOWcC3C346/sSvTdc0lxr97efNTP6WoqlDYuQ==", "user"=>{"email"=>"emily@ombulabs.com", "password"=>"[FILTERED]", "remember_me"=>"0"}, "commit"=>"Log in"}
  [1m[36mUser Load (1.3ms)[0m  [1m[34mSELECT  "users".* FROM "users" WHERE "users"."email" = $1 ORDER BY "users"."id" ASC LIMIT $2[0m  [["email", "emily@ombulabs.com"], ["LIMIT", 1]]
  [1m[35m (0.5ms)[0m  [1m[35mBEGIN[0m
  [1m[35mSQL (3.5ms)[0m  [1m[33mUPDATE "users" SET "current_sign_in_at" = $1, "last_sign_in_at" = $2, "sign_in_count" = $3, "updated_at" = $4 WHERE "users"."id" = $5[0m  [["current_sign_in_at", "2018-06-01 19:08:58.055788"], ["last_sign_in_at", "2018-06-01 19:08:01.290765"], ["sign_in_count", 14], ["updated_at", "2018-06-01 19:08:58.058567"], ["id", 1]]
  [1m[35m (0.6ms)[0m  [1m[35mCOMMIT[0m
Redirected to http://localhost:3000/projects
Completed 302 Found in 229ms (ActiveRecord: 5.9ms)


Started GET "/projects" for 127.0.0.1 at 2018-06-01 16:08:58 -0300
Processing by ProjectsController#index as HTML
  Rendering projects/index.html.erb within layouts/application
  Rendered projects/index.html.erb within layouts/application (0.7ms)
  [1m[36mUser Load (1.4ms)[0m  [1m[34mSELECT  "users".* FROM "users" WHERE "users"."id" = $1 ORDER BY "users"."id" ASC LIMIT $2[0m  [["id", 1], ["LIMIT", 1]]
  Rendered layouts/_header.html.erb (5.6ms)
  Rendered layouts/_footer.html.erb (0.9ms)
Completed 200 OK in 128ms (Views: 124.2ms | ActiveRecord: 1.4ms)


Started GET "/projects" for 127.0.0.1 at 2018-06-01 17:29:21 -0300
Processing by ProjectsController#index as HTML
  Rendering projects/index.html.erb within layouts/application
  Rendered projects/index.html.erb within layouts/application (69.1ms)
  [1m[36mUser Load (92.1ms)[0m  [1m[34mSELECT  "users".* FROM "users" WHERE "users"."id" = $1 ORDER BY "users"."id" ASC LIMIT $2[0m  [["id", 1], ["LIMIT", 1]]
  Rendered layouts/_header.html.erb (286.4ms)
  Rendered layouts/_footer.html.erb (0.7ms)
Completed 200 OK in 942ms (Views: 773.1ms | ActiveRecord: 92.1ms)


Started DELETE "/users/sign_out" for 127.0.0.1 at 2018-06-01 17:29:23 -0300
Processing by Devise::SessionsController#destroy as HTML
  Parameters: {"authenticity_token"=>"VTHRCx51TFbNvVC+Xg2U15rIXFILArBQDr3UA38qWBgyxDbW6gOhldFhWVi1HBUNuUJONM/wukEVfW6tbPIuKA=="}
  [1m[36mUser Load (1.1ms)[0m  [1m[34mSELECT  "users".* FROM "users" WHERE "users"."id" = $1 ORDER BY "users"."id" ASC LIMIT $2[0m  [["id", 1], ["LIMIT", 1]]
  [1m[35m (0.6ms)[0m  [1m[35mBEGIN[0m
  [1m[35m (0.5ms)[0m  [1m[35mCOMMIT[0m
Redirected to http://localhost:3000/
Completed 302 Found in 58ms (ActiveRecord: 2.2ms)


Started GET "/" for 127.0.0.1 at 2018-06-01 17:29:23 -0300
Processing by HomeController#index as HTML
  Rendering home/index.html.erb within layouts/application
  Rendered home/index.html.erb within layouts/application (1.4ms)
  Rendered layouts/_header.html.erb (2.4ms)
  Rendered layouts/_footer.html.erb (3.1ms)
Completed 200 OK in 150ms (Views: 146.5ms | ActiveRecord: 0.0ms)


Started GET "/users/sign_up" for 127.0.0.1 at 2018-06-01 17:29:26 -0300
Processing by Devise::RegistrationsController#new as HTML
  Rendering devise/registrations/new.html.erb within layouts/application
  Rendered devise/shared/_links.html.erb (2.3ms)
  Rendered devise/registrations/new.html.erb within layouts/application (16.1ms)
  Rendered layouts/_header.html.erb (6.6ms)
  Rendered layouts/_footer.html.erb (2.2ms)
Completed 200 OK in 108ms (Views: 104.9ms | ActiveRecord: 0.0ms)


Started POST "/users" for 127.0.0.1 at 2018-06-01 17:30:45 -0300
Processing by Devise::RegistrationsController#create as HTML
  Parameters: {"utf8"=>"✓", "authenticity_token"=>"9+cqbWYeqCJpiXBsQvfmxBlZg5pAM0M8HneDFiKK4F/T3q7KErghLEHQObwn+AKFM4NXhi0chSSrGQHOMQ3z8w==", "user"=>{"email"=>"emily@gmail.com", "password"=>"[FILTERED]", "password_confirmation"=>"[FILTERED]"}, "commit"=>"Sign up"}
  [1m[35m (1.1ms)[0m  [1m[35mBEGIN[0m
  [1m[36mUser Exists (30.1ms)[0m  [1m[34mSELECT  1 AS one FROM "users" WHERE "users"."email" = $1 LIMIT $2[0m  [["email", "emily@gmail.com"], ["LIMIT", 1]]
  [1m[35mSQL (99.0ms)[0m  [1m[32mINSERT INTO "users" ("email", "encrypted_password", "created_at", "updated_at") VALUES ($1, $2, $3, $4) RETURNING "id"[0m  [["email", "emily@gmail.com"], ["encrypted_password", "$2a$11$NtXZp7ywyjwC6ifSBylTgOpq2QO4tYNPFWCFCshZZwpg3ttnwV/W6"], ["created_at", "2018-06-01 20:30:45.889180"], ["updated_at", "2018-06-01 20:30:45.889180"]]
  [1m[35m (14.5ms)[0m  [1m[35mCOMMIT[0m
  [1m[35m (0.6ms)[0m  [1m[35mBEGIN[0m
  [1m[35mSQL (29.3ms)[0m  [1m[33mUPDATE "users" SET "sign_in_count" = $1, "current_sign_in_at" = $2, "last_sign_in_at" = $3, "current_sign_in_ip" = $4, "last_sign_in_ip" = $5, "updated_at" = $6 WHERE "users"."id" = $7[0m  [["sign_in_count", 1], ["current_sign_in_at", "2018-06-01 20:30:46.035793"], ["last_sign_in_at", "2018-06-01 20:30:46.035793"], ["current_sign_in_ip", "127.0.0.1/32"], ["last_sign_in_ip", "127.0.0.1/32"], ["updated_at", "2018-06-01 20:30:46.039927"], ["id", 3]]
  [1m[35m (10.9ms)[0m  [1m[35mCOMMIT[0m
Redirected to http://localhost:3000/projects
Completed 302 Found in 703ms (ActiveRecord: 185.4ms)


Started GET "/projects" for 127.0.0.1 at 2018-06-01 17:30:46 -0300
Processing by ProjectsController#index as HTML
  Rendering projects/index.html.erb within layouts/application
  Rendered projects/index.html.erb within layouts/application (4.9ms)
  [1m[36mUser Load (6.7ms)[0m  [1m[34mSELECT  "users".* FROM "users" WHERE "users"."id" = $1 ORDER BY "users"."id" ASC LIMIT $2[0m  [["id", 3], ["LIMIT", 1]]
  Rendered layouts/_header.html.erb (14.7ms)
  Rendered layouts/_footer.html.erb (0.6ms)
Completed 200 OK in 261ms (Views: 250.8ms | ActiveRecord: 6.7ms)


Started DELETE "/users/sign_out" for 127.0.0.1 at 2018-06-01 17:31:11 -0300
Processing by Devise::SessionsController#destroy as HTML
  Parameters: {"authenticity_token"=>"nKTReKqSU1mrIKwo+uEZcHEfpJoenBEY9AhGTPWmefSFIZEGpu28h8GqU8b9LeyWn37eQ+ug3NA6dC8I6mCInQ=="}
  [1m[36mUser Load (0.8ms)[0m  [1m[34mSELECT  "users".* FROM "users" WHERE "users"."id" = $1 ORDER BY "users"."id" ASC LIMIT $2[0m  [["id", 3], ["LIMIT", 1]]
  [1m[35m (0.4ms)[0m  [1m[35mBEGIN[0m
  [1m[35m (0.3ms)[0m  [1m[35mCOMMIT[0m
Redirected to http://localhost:3000/
Completed 302 Found in 13ms (ActiveRecord: 1.5ms)


Started GET "/" for 127.0.0.1 at 2018-06-01 17:31:11 -0300
Processing by HomeController#index as HTML
  Rendering home/index.html.erb within layouts/application
  Rendered home/index.html.erb within layouts/application (2.9ms)
  Rendered layouts/_header.html.erb (2.2ms)
  Rendered layouts/_footer.html.erb (0.7ms)
Completed 200 OK in 188ms (Views: 185.2ms | ActiveRecord: 0.0ms)


Started GET "/users/sign_up" for 127.0.0.1 at 2018-06-01 17:31:27 -0300
Processing by Devise::RegistrationsController#new as HTML
  Rendering devise/registrations/new.html.erb within layouts/application
  Rendered devise/shared/_links.html.erb (2.3ms)
  Rendered devise/registrations/new.html.erb within layouts/application (12.3ms)
  Rendered layouts/_header.html.erb (4.6ms)
  Rendered layouts/_footer.html.erb (0.6ms)
Completed 200 OK in 114ms (Views: 111.8ms | ActiveRecord: 0.0ms)


Started GET "/users/sign_in" for 127.0.0.1 at 2018-06-01 17:31:28 -0300
Processing by Devise::SessionsController#new as HTML
  Rendering devise/sessions/new.html.erb within layouts/application
  Rendered devise/shared/_links.html.erb (1.6ms)
  Rendered devise/sessions/new.html.erb within layouts/application (9.3ms)
  Rendered layouts/_header.html.erb (1.5ms)
  Rendered layouts/_footer.html.erb (0.5ms)
Completed 200 OK in 145ms (Views: 142.5ms | ActiveRecord: 0.0ms)


Started POST "/users/sign_in" for 127.0.0.1 at 2018-06-01 17:31:33 -0300
Processing by Devise::SessionsController#create as HTML
  Parameters: {"utf8"=>"✓", "authenticity_token"=>"qNojtCb/oY3W2QpNnjCIIfn4Hn19+sJ4LO6yGvyMzDw2rVOnR8KaILh6aKFJ18+iKnnoatgDrjyd6BQTcCvZdA==", "user"=>{"email"=>"emily@ombulabs.com", "password"=>"[FILTERED]", "remember_me"=>"1"}, "commit"=>"Log in"}
  [1m[36mUser Load (43.2ms)[0m  [1m[34mSELECT  "users".* FROM "users" WHERE "users"."email" = $1 ORDER BY "users"."id" ASC LIMIT $2[0m  [["email", "emily@ombulabs.com"], ["LIMIT", 1]]
  [1m[35m (0.3ms)[0m  [1m[35mBEGIN[0m
  [1m[35mSQL (0.8ms)[0m  [1m[33mUPDATE "users" SET "remember_created_at" = $1, "updated_at" = $2 WHERE "users"."id" = $3[0m  [["remember_created_at", "2018-06-01 20:31:33.549256"], ["updated_at", "2018-06-01 20:31:33.550341"], ["id", 1]]
  [1m[35m (0.6ms)[0m  [1m[35mCOMMIT[0m
  [1m[35m (0.9ms)[0m  [1m[35mBEGIN[0m
  [1m[35mSQL (0.6ms)[0m  [1m[33mUPDATE "users" SET "sign_in_count" = $1, "current_sign_in_at" = $2, "last_sign_in_at" = $3, "updated_at" = $4 WHERE "users"."id" = $5[0m  [["sign_in_count", 15], ["current_sign_in_at", "2018-06-01 20:31:33.574592"], ["last_sign_in_at", "2018-06-01 19:08:58.055788"], ["updated_at", "2018-06-01 20:31:33.577713"], ["id", 1]]
  [1m[35m (6.1ms)[0m  [1m[35mCOMMIT[0m
Redirected to http://localhost:3000/projects
Completed 302 Found in 285ms (ActiveRecord: 52.5ms)


Started GET "/projects" for 127.0.0.1 at 2018-06-01 17:31:33 -0300
Processing by ProjectsController#index as HTML
  Rendering projects/index.html.erb within layouts/application
  Rendered projects/index.html.erb within layouts/application (0.5ms)
  [1m[36mUser Load (0.9ms)[0m  [1m[34mSELECT  "users".* FROM "users" WHERE "users"."id" = $1 ORDER BY "users"."id" ASC LIMIT $2[0m  [["id", 1], ["LIMIT", 1]]
  Rendered layouts/_header.html.erb (5.3ms)
  Rendered layouts/_footer.html.erb (1.7ms)
Completed 200 OK in 68ms (Views: 65.5ms | ActiveRecord: 0.9ms)


Started GET "/projects" for 127.0.0.1 at 2018-06-01 17:31:36 -0300
Processing by ProjectsController#index as HTML
  Rendering projects/index.html.erb within layouts/application
  Rendered projects/index.html.erb within layouts/application (0.6ms)
  [1m[36mUser Load (0.7ms)[0m  [1m[34mSELECT  "users".* FROM "users" WHERE "users"."id" = $1 ORDER BY "users"."id" ASC LIMIT $2[0m  [["id", 1], ["LIMIT", 1]]
  Rendered layouts/_header.html.erb (3.8ms)
  Rendered layouts/_footer.html.erb (0.4ms)
Completed 200 OK in 62ms (Views: 56.3ms | ActiveRecord: 0.7ms)


Started DELETE "/users/sign_out" for 127.0.0.1 at 2018-06-01 17:31:37 -0300
Processing by Devise::SessionsController#destroy as HTML
  Parameters: {"authenticity_token"=>"OhSRQWmf9Q47WW7FjNgA7HvoVHsWMfV9TGsarKAyFKVTvcvopUwNmA5CgMkntz3ju8DUgEwGyh2z336HcXaMFQ=="}
  [1m[36mUser Load (0.5ms)[0m  [1m[34mSELECT  "users".* FROM "users" WHERE "users"."id" = $1 ORDER BY "users"."id" ASC LIMIT $2[0m  [["id", 1], ["LIMIT", 1]]
  [1m[35m (0.3ms)[0m  [1m[35mBEGIN[0m
  [1m[35mSQL (2.4ms)[0m  [1m[33mUPDATE "users" SET "remember_created_at" = $1, "updated_at" = $2 WHERE "users"."id" = $3[0m  [["remember_created_at", nil], ["updated_at", "2018-06-01 20:31:37.650634"], ["id", 1]]
  [1m[35m (6.6ms)[0m  [1m[35mCOMMIT[0m
Redirected to http://localhost:3000/
Completed 302 Found in 17ms (ActiveRecord: 9.7ms)


Started GET "/" for 127.0.0.1 at 2018-06-01 17:31:37 -0300
Processing by HomeController#index as HTML
  Rendering home/index.html.erb within layouts/application
  Rendered home/index.html.erb within layouts/application (0.6ms)
  Rendered layouts/_header.html.erb (1.1ms)
  Rendered layouts/_footer.html.erb (0.3ms)
Completed 200 OK in 63ms (Views: 59.8ms | ActiveRecord: 0.0ms)


Started GET "/users/sign_in" for 127.0.0.1 at 2018-06-01 17:31:39 -0300
Processing by Devise::SessionsController#new as HTML
  Rendering devise/sessions/new.html.erb within layouts/application
  Rendered devise/shared/_links.html.erb (1.2ms)
  Rendered devise/sessions/new.html.erb within layouts/application (6.1ms)
  Rendered layouts/_header.html.erb (0.9ms)
  Rendered layouts/_footer.html.erb (0.5ms)
Completed 200 OK in 85ms (Views: 81.6ms | ActiveRecord: 0.0ms)


Started GET "/users/password/new" for 127.0.0.1 at 2018-06-01 17:31:41 -0300
Processing by Devise::PasswordsController#new as HTML
  Rendering devise/passwords/new.html.erb within layouts/application
  Rendered devise/shared/_links.html.erb (1.2ms)
  Rendered devise/passwords/new.html.erb within layouts/application (4.9ms)
  Rendered layouts/_header.html.erb (1.0ms)
  Rendered layouts/_footer.html.erb (0.9ms)
Completed 200 OK in 59ms (Views: 55.3ms | ActiveRecord: 0.0ms)


Started POST "/users/password" for 127.0.0.1 at 2018-06-01 17:31:45 -0300
Processing by Devise::PasswordsController#create as HTML
  Parameters: {"utf8"=>"✓", "authenticity_token"=>"wR021vt+k3HWSTy+O+i2vAAuJAGROBcegnsRMkpOuYchyACesueglqU1u0fy5HufrnEEWK/vL0Quq2wZNj5yXw==", "user"=>{"email"=>"ercohen14@gmail.com"}, "commit"=>"Send me reset password instructions"}
  [1m[36mUser Load (12.5ms)[0m  [1m[34mSELECT  "users".* FROM "users" WHERE "users"."email" = $1 ORDER BY "users"."id" ASC LIMIT $2[0m  [["email", "ercohen14@gmail.com"], ["LIMIT", 1]]
  [1m[36mUser Load (1.1ms)[0m  [1m[34mSELECT  "users".* FROM "users" WHERE "users"."reset_password_token" = $1 ORDER BY "users"."id" ASC LIMIT $2[0m  [["reset_password_token", "0be8cbf7fe8f32904d1bef0b36386da3feb0c98007f31439a19daa9eafe07cc4"], ["LIMIT", 1]]
  [1m[35m (0.3ms)[0m  [1m[35mBEGIN[0m
  [1m[35mSQL (18.6ms)[0m  [1m[33mUPDATE "users" SET "reset_password_token" = $1, "reset_password_sent_at" = $2, "updated_at" = $3 WHERE "users"."id" = $4[0m  [["reset_password_token", "0be8cbf7fe8f32904d1bef0b36386da3feb0c98007f31439a19daa9eafe07cc4"], ["reset_password_sent_at", "2018-06-01 20:31:45.814126"], ["updated_at", "2018-06-01 20:31:45.815071"], ["id", 2]]
  [1m[35m (6.5ms)[0m  [1m[35mCOMMIT[0m
  Rendering devise/mailer/reset_password_instructions.html.erb
  Rendered devise/mailer/reset_password_instructions.html.erb (4.1ms)
Devise::Mailer#reset_password_instructions: processed outbound mail in 410.5ms
Sent mail to ercohen14@gmail.com (82.3ms)
Date: Fri, 01 Jun 2018 17:31:46 -0300
From: please-change-me-at-config-initializers-devise@example.com
Reply-To: please-change-me-at-config-initializers-devise@example.com
To: ercohen14@gmail.com
Message-ID: <5b11ad32dfc76_5f63fcaa2c74e9c5923a@pong.local.mail>
Subject: Reset password instructions
Mime-Version: 1.0
Content-Type: text/html;
 charset=UTF-8
Content-Transfer-Encoding: 7bit

<p>Hello ercohen14@gmail.com!</p>

<p>Someone has requested a link to change your password. You can do this through the link below.</p>

<p><a href="http://localhost:3000/users/password/edit?reset_password_token=uMxFRhwiSWr68FqaoeMd">Change my password</a></p>

<p>If you didn't request this, please ignore this email.</p>
<p>Your password won't change until you access the link above and create a new one.</p>

Redirected to http://localhost:3000/users/sign_in
Completed 302 Found in 1536ms (ActiveRecord: 39.0ms)


Started GET "/users/sign_in" for 127.0.0.1 at 2018-06-01 17:31:46 -0300
Processing by Devise::SessionsController#new as HTML
  Rendering devise/sessions/new.html.erb within layouts/application
  Rendered devise/shared/_links.html.erb (1.4ms)
  Rendered devise/sessions/new.html.erb within layouts/application (7.4ms)
  Rendered layouts/_header.html.erb (0.9ms)
  Rendered layouts/_footer.html.erb (0.5ms)
Completed 200 OK in 63ms (Views: 60.8ms | ActiveRecord: 0.0ms)


Started GET "/users/sign_in" for 127.0.0.1 at 2018-06-01 17:31:49 -0300
Processing by Devise::SessionsController#new as HTML
  Rendering devise/sessions/new.html.erb within layouts/application
  Rendered devise/shared/_links.html.erb (1.3ms)
  Rendered devise/sessions/new.html.erb within layouts/application (6.2ms)
  Rendered layouts/_header.html.erb (0.9ms)
  Rendered layouts/_footer.html.erb (0.4ms)
Completed 200 OK in 64ms (Views: 62.6ms | ActiveRecord: 0.0ms)


Started POST "/users/sign_in" for 127.0.0.1 at 2018-06-01 17:36:14 -0300
Processing by Devise::SessionsController#create as HTML
  Parameters: {"utf8"=>"✓", "authenticity_token"=>"ShjPC1zs9ltD+95l0aqDFJMEWH5yP8j8xz6blaPkvRAv47trVbkmluCchxn+VwyEySNmLHG883vt5LhmlORpaQ==", "user"=>{"email"=>"emily@ombulabs.com", "password"=>"[FILTERED]", "remember_me"=>"0"}, "commit"=>"Log in"}
  [1m[36mUser Load (2.1ms)[0m  [1m[34mSELECT  "users".* FROM "users" WHERE "users"."email" = $1 ORDER BY "users"."id" ASC LIMIT $2[0m  [["email", "emily@ombulabs.com"], ["LIMIT", 1]]
  [1m[35m (0.6ms)[0m  [1m[35mBEGIN[0m
  [1m[35mSQL (3.8ms)[0m  [1m[33mUPDATE "users" SET "current_sign_in_at" = $1, "last_sign_in_at" = $2, "sign_in_count" = $3, "updated_at" = $4 WHERE "users"."id" = $5[0m  [["current_sign_in_at", "2018-06-01 20:36:14.775204"], ["last_sign_in_at", "2018-06-01 20:31:33.574592"], ["sign_in_count", 16], ["updated_at", "2018-06-01 20:36:14.783388"], ["id", 1]]
  [1m[35m (0.6ms)[0m  [1m[35mCOMMIT[0m
Redirected to http://localhost:3000/projects
Completed 302 Found in 312ms (ActiveRecord: 7.1ms)


Started GET "/projects" for 127.0.0.1 at 2018-06-01 17:36:14 -0300
Processing by ProjectsController#index as HTML
  Rendering projects/index.html.erb within layouts/application
  Rendered projects/index.html.erb within layouts/application (10.0ms)
  [1m[36mUser Load (1.1ms)[0m  [1m[34mSELECT  "users".* FROM "users" WHERE "users"."id" = $1 ORDER BY "users"."id" ASC LIMIT $2[0m  [["id", 1], ["LIMIT", 1]]
  Rendered layouts/_header.html.erb (17.9ms)
  Rendered layouts/_footer.html.erb (0.7ms)
Completed 200 OK in 255ms (Views: 249.4ms | ActiveRecord: 1.1ms)


Started GET "/projects" for 127.0.0.1 at 2018-06-01 17:36:36 -0300
Processing by ProjectsController#index as HTML
  Rendering projects/index.html.erb within layouts/application
  Rendered projects/index.html.erb within layouts/application (2.1ms)
  [1m[36mUser Load (2.1ms)[0m  [1m[34mSELECT  "users".* FROM "users" WHERE "users"."id" = $1 ORDER BY "users"."id" ASC LIMIT $2[0m  [["id", 1], ["LIMIT", 1]]
  Rendered layouts/_header.html.erb (28.9ms)
  Rendered layouts/_footer.html.erb (0.8ms)
Completed 200 OK in 274ms (Views: 258.5ms | ActiveRecord: 2.1ms)


Started GET "/projects" for 127.0.0.1 at 2018-06-01 17:36:40 -0300
Processing by ProjectsController#index as HTML
  Rendering projects/index.html.erb within layouts/application
  Rendered projects/index.html.erb within layouts/application (0.5ms)
  [1m[36mUser Load (1.6ms)[0m  [1m[34mSELECT  "users".* FROM "users" WHERE "users"."id" = $1 ORDER BY "users"."id" ASC LIMIT $2[0m  [["id", 1], ["LIMIT", 1]]
  Rendered layouts/_header.html.erb (14.5ms)
  Rendered layouts/_footer.html.erb (0.8ms)
Completed 200 OK in 84ms (Views: 79.6ms | ActiveRecord: 1.6ms)


Started GET "/projects" for 127.0.0.1 at 2018-06-01 17:37:18 -0300
Processing by ProjectsController#index as HTML
  Rendering projects/index.html.erb within layouts/application
  Rendered projects/index.html.erb within layouts/application (16.7ms)
  [1m[36mUser Load (4.1ms)[0m  [1m[34mSELECT  "users".* FROM "users" WHERE "users"."id" = $1 ORDER BY "users"."id" ASC LIMIT $2[0m  [["id", 1], ["LIMIT", 1]]
  Rendered layouts/_header.html.erb (43.2ms)
  Rendered layouts/_footer.html.erb (2.2ms)
Completed 200 OK in 675ms (Views: 646.7ms | ActiveRecord: 4.1ms)


